{"numTotalTestSuites":9,"numPassedTestSuites":9,"numFailedTestSuites":0,"numPendingTestSuites":0,"numTotalTests":20,"numPassedTests":13,"numFailedTests":7,"numPendingTests":0,"numTodoTests":0,"startTime":1771995614479,"success":false,"testResults":[{"assertionResults":[{"ancestorTitles":["","RouteEditor - Form Validation Tests (Requirements 8.2)","Required Field Validation"],"fullName":" RouteEditor - Form Validation Tests (Requirements 8.2) Required Field Validation should show validation error when Chinese name is empty","status":"passed","title":"should show validation error when Chinese name is empty","duration":140,"failureMessages":[]},{"ancestorTitles":["","RouteEditor - Form Validation Tests (Requirements 8.2)","Required Field Validation"],"fullName":" RouteEditor - Form Validation Tests (Requirements 8.2) Required Field Validation should show validation error when English name is empty","status":"passed","title":"should show validation error when English name is empty","duration":45,"failureMessages":[]},{"ancestorTitles":["","RouteEditor - Form Validation Tests (Requirements 8.2)","Required Field Validation"],"fullName":" RouteEditor - Form Validation Tests (Requirements 8.2) Required Field Validation should show validation error when slug is empty","status":"passed","title":"should show validation error when slug is empty","duration":47,"failureMessages":[]},{"ancestorTitles":["","RouteEditor - Form Validation Tests (Requirements 8.2)","Length Validation"],"fullName":" RouteEditor - Form Validation Tests (Requirements 8.2) Length Validation should show error when Chinese name exceeds 200 characters","status":"passed","title":"should show error when Chinese name exceeds 200 characters","duration":41,"failureMessages":[]},{"ancestorTitles":["","RouteEditor - Form Validation Tests (Requirements 8.2)","Length Validation"],"fullName":" RouteEditor - Form Validation Tests (Requirements 8.2) Length Validation should show error when English name exceeds 200 characters","status":"passed","title":"should show error when English name exceeds 200 characters","duration":39,"failureMessages":[]},{"ancestorTitles":["","RouteEditor - Form Validation Tests (Requirements 8.2)","Length Validation"],"fullName":" RouteEditor - Form Validation Tests (Requirements 8.2) Length Validation should show error when slug exceeds 100 characters","status":"passed","title":"should show error when slug exceeds 100 characters","duration":47,"failureMessages":[]},{"ancestorTitles":["","RouteEditor - Form Validation Tests (Requirements 8.2)","Length Validation"],"fullName":" RouteEditor - Form Validation Tests (Requirements 8.2) Length Validation should show error when short description exceeds 500 characters","status":"failed","title":"should show error when short description exceeds 500 characters","duration":1034,"failureMessages":["Unable to find an element with the placeholder text of: 简短介绍路线特色...\n\nIgnored nodes: comments, script, style\n\u001b[36m<body\u001b[39m\n  \u001b[33mdata-scroll-locked\u001b[39m=\u001b[32m\"1\"\u001b[39m\n  \u001b[33mstyle\u001b[39m=\u001b[32m\"pointer-events: none;\"\u001b[39m\n\u001b[36m>\u001b[39m\n  \u001b[36m<span\u001b[39m\n    \u001b[33maria-hidden\u001b[39m=\u001b[32m\"true\"\u001b[39m\n    \u001b[33mdata-aria-hidden\u001b[39m=\u001b[32m\"true\"\u001b[39m\n    \u001b[33mdata-radix-focus-guard\u001b[39m=\u001b[32m\"\"\u001b[39m\n    \u001b[33mstyle\u001b[39m=\u001b[32m\"outline: none; opacity: 0; position: fixed; pointer-events: none;\"\u001b[39m\n    \u001b[33mtabindex\u001b[39m=\u001b[32m\"0\"\u001b[39m\n  \u001b[36m/>\u001b[39m\n  \u001b[36m<div\u001b[39m\n    \u001b[33maria-hidden\u001b[39m=\u001b[32m\"true\"\u001b[39m\n    \u001b[33mdata-aria-hidden\u001b[39m=\u001b[32m\"true\"\u001b[39m\n  \u001b[36m/>\u001b[39m\n  \u001b[36m<div\u001b[39m\n    \u001b[33maria-hidden\u001b[39m=\u001b[32m\"true\"\u001b[39m\n    \u001b[33mclass\u001b[39m=\u001b[32m\"fixed inset-0 z-50 bg-black/80 data-[state=open]:animate-in data-[state=closed]:animate-out data-[state=closed]:fade-out-0 data-[state=open]:fade-in-0\"\u001b[39m\n    \u001b[33mdata-aria-hidden\u001b[39m=\u001b[32m\"true\"\u001b[39m\n    \u001b[33mdata-state\u001b[39m=\u001b[32m\"open\"\u001b[39m\n    \u001b[33mstyle\u001b[39m=\u001b[32m\"pointer-events: auto;\"\u001b[39m\n  \u001b[36m/>\u001b[39m\n  \u001b[36m<div\u001b[39m\n    \u001b[33maria-describedby\u001b[39m=\u001b[32m\"radix-:r46:\"\u001b[39m\n    \u001b[33maria-labelledby\u001b[39m=\u001b[32m\"radix-:r45:\"\u001b[39m\n    \u001b[33mclass\u001b[39m=\u001b[32m\"fixed left-[50%] top-[50%] z-50 grid w-full translate-x-[-50%] translate-y-[-50%] gap-4 border border-gray-200 bg-white p-6 shadow-lg duration-200 data-[state=open]:animate-in data-[state=closed]:animate-out data-[state=closed]:fade-out-0 data-[state=open]:fade-in-0 data-[state=closed]:zoom-out-95 data-[state=open]:zoom-in-95 data-[state=closed]:slide-out-to-left-1/2 data-[state=closed]:slide-out-to-top-[48%] data-[state=open]:slide-in-from-left-1/2 data-[state=open]:slide-in-from-top-[48%] sm:rounded-lg max-w-4xl max-h-[90vh] overflow-y-auto\"\u001b[39m\n    \u001b[33mdata-state\u001b[39m=\u001b[32m\"open\"\u001b[39m\n    \u001b[33mid\u001b[39m=\u001b[32m\"radix-:r44:\"\u001b[39m\n    \u001b[33mrole\u001b[39m=\u001b[32m\"dialog\"\u001b[39m\n    \u001b[33mstyle\u001b[39m=\u001b[32m\"pointer-events: auto;\"\u001b[39m\n    \u001b[33mtabindex\u001b[39m=\u001b[32m\"-1\"\u001b[39m\n  \u001b[36m>\u001b[39m\n    \u001b[36m<div\u001b[39m\n      \u001b[33mclass\u001b[39m=\u001b[32m\"flex flex-col space-y-1.5 text-center sm:text-left\"\u001b[39m\n    \u001b[36m>\u001b[39m\n      \u001b[36m<h2\u001b[39m\n        \u001b[33mclass\u001b[39m=\u001b[32m\"text-lg font-semibold leading-none tracking-tight\"\u001b[39m\n        \u001b[33mid\u001b[39m=\u001b[32m\"radix-:r45:\"\u001b[39m\n      \u001b[36m>\u001b[39m\n        \u001b[0m创建路线\u001b[0m\n      \u001b[36m</h2>\u001b[39m\n      \u001b[36m<p\u001b[39m\n        \u001b[33mclass\u001b[39m=\u001b[32m\"text-sm text-gray-500\"\u001b[39m\n        \u001b[33mid\u001b[39m=\u001b[32m\"radix-:r46:\"\u001b[39m\n      \u001b[36m>\u001b[39m\n        \u001b[0m填写路线基本信息\u001b[0m\n      \u001b[36m</p>\u001b[39m\n    \u001b[36m</div>\u001b[39m\n    \u001b[36m<form\u001b[39m\n      \u001b[33mclass\u001b[39m=\u001b[32m\"space-y-6\"\u001b[39m\n    \u001b[36m>\u001b[39m\n      \u001b[36m<div\u001b[39m\n        \u001b[33mclass\u001b[39m=\u001b[32m\"w-full\"\u001b[39m\n        \u001b[33mdata-orientation\u001b[39m=\u001b[32m\"horizontal\"\u001b[39m\n        \u001b[33mdir\u001b[39m=\u001b[32m\"ltr\"\u001b[39m\n      \u001b[36m>\u001b[39m\n        \u001b[36m<div\u001b[39m\n          \u001b[33maria-orientation\u001b[39m=\u001b[32m\"horizontal\"\u001b[39m\n          \u001b[33mclass\u001b[39m=\u001b[32m\"h-10 items-center justify-center rounded-md bg-gray-100 p-1 text-gray-500 grid w-full grid-cols-3\"\u001b[39m\n          \u001b[33mdata-orientation\u001b[39m=\u001b[32m\"horizontal\"\u001b[39m\n          \u001b[33mrole\u001b[39m=\u001b[32m\"tablist\"\u001b[39m\n          \u001b[33mstyle\u001b[39m=\u001b[32m\"outline: none;\"\u001b[39m\n          \u001b[33mtabindex\u001b[39m=\u001b[32m\"0\"\u001b[39m\n        \u001b[36m>\u001b[39m\n          \u001b[36m<button\u001b[39m\n            \u001b[33maria-controls\u001b[39m=\u001b[32m\"radix-:r47:-content-basic\"\u001b[39m\n            \u001b[33maria-selected\u001b[39m=\u001b[32m\"true\"\u001b[39m\n            \u001b[33mclass\u001b[39m=\u001b[32m\"inline-flex items-center justify-center whitespace-nowrap rounded-sm px-3 py-1.5 text-sm font-medium ring-offset-white transition-all focus-visible:outline-none focus-visible:ring-2 focus-visible:ring-[#0F4C3A] focus-visible:ring-offset-2 disabled:pointer-events-none disabled:opacity-50 data-[state=active]:bg-white data-[state=active]:text-gray-950 data-[state=active]:shadow-sm\"\u001b[39m\n            \u001b[33mdata-orientation\u001b[39m=\u001b[32m\"horizontal\"\u001b[39m\n            \u001b[33mdata-radix-collection-item\u001b[39m=\u001b[32m\"\"\u001b[39m\n            \u001b[33mdata-state\u001b[39m=\u001b[32m\"active\"\u001b[39m\n            \u001b[33mid\u001b[39m=\u001b[32m\"radix-:r47:-trigger-basic\"\u001b[39m\n            \u001b[33mrole\u001b[39m=\u001b[32m\"tab\"\u001b[39m\n            \u001b[33mtabindex\u001b[39m=\u001b[32m\"-1\"\u001b[39m\n            \u001b[33mtype\u001b[39m=\u001b[32m\"button\"\u001b[39m\n          \u001b[36m>\u001b[39m\n            \u001b[0m基本信息\u001b[0m\n          \u001b[36m</button>\u001b[39m\n          \u001b[36m<button\u001b[39m\n            \u001b[33maria-controls\u001b[39m=\u001b[32m\"radix-:r47:-content-description\"\u001b[39m\n            \u001b[33maria-selected\u001b[39m=\u001b[32m\"false\"\u001b[39m\n            \u001b[33mclass\u001b[39m=\u001b[32m\"inline-flex items-center justify-center whitespace-nowrap rounded-sm px-3 py-1.5 text-sm font-medium ring-offset-white transition-all focus-visible:outline-none focus-visible:ring-2 focus-visible:ring-[#0F4C3A] focus-visible:ring-offset-2 disabled:pointer-events-none disabled:opacity-50 data-[state=active]:bg-white data-[state=active]:text-gray-950 data-[state=active]:shadow-sm\"\u001b[39m\n            \u001b[33mdata-orientation\u001b[39m=\u001b[32m\"horizontal\"\u001b[39m\n            \u001b[33mdata-radix-collection-item\u001b[39m=\u001b[32m\"\"\u001b[39m\n            \u001b[33mdata-state\u001b[39m=\u001b[32m\"inactive\"\u001b[39m\n            \u001b[33mid\u001b[39m=\u001b[32m\"radix-:r47:-trigger-description\"\u001b[39m\n            \u001b[33mrole\u001b[39m=\u001b[32m\"tab\"\u001b[39m\n            \u001b[33mtabindex\u001b[39m=\u001b[32m\"-1\"\u001b[39m\n            \u001b[33mtype\u001b[39m=\u001b[32m\"button\"\u001b[39m\n          \u001b[36m>\u001b[39m\n            \u001b[0m详细描述\u001b[0m\n          \u001b[36m</button>\u001b[39m\n          \u001b[36m<button\u001b[39m\n            \u001b[33maria-controls\u001b[39m=\u001b[32m\"radix-:r47:-content-settings\"\u001b[39m\n            \u001b[33maria-selected\u001b[39m=\u001b[32m\"false\"\u001b[39m\n            \u001b[33mclass\u001b[39m=\u001b[32m\"inline-flex items-center justify-center whitespace-nowrap rounded-sm px-3 py-1.5 text-sm font-medium ring-offset-white transition-all focus-visible:outline-none focus-visible:ring-2 focus-visible:ring-[#0F4C3A] focus-visible:ring-offset-2 disabled:pointer-events-none disabled:opacity-50 data-[state=active]:bg-white data-[state=active]:text-gray-950 data-[state=active]:shadow-sm\"\u001b[39m\n            \u001b[33mdata-orientation\u001b[39m=\u001b[32m\"horizontal\"\u001b[39m\n            \u001b[33mdata-radix-collection-item\u001b[39m=\u001b[32m\"\"\u001b[39m\n            \u001b[33mdata-state\u001b[39m=\u001b[32m\"inactive\"\u001b[39m\n            \u001b[33mid\u001b[39m=\u001b[32m\"radix-:r47:-trigger-settings\"\u001b[39m\n            \u001b[33mrole\u001b[39m=\u001b[32m\"tab\"\u001b[39m\n            \u001b[33mtabindex\u001b[39m=\u001b[32m\"-1\"\u001b[39m\n            \u001b[33mtype\u001b[39m=\u001b[32m\"button\"\u001b[39m\n          \u001b[36m>\u001b[39m\n            \u001b[0m设置\u001b[0m\n          \u001b[36m</button>\u001b[39m\n        \u001b[36m</div>\u001b[39m\n        \u001b[36m<div\u001b[39m\n          \u001b[33maria-labelledby\u001b[39m=\u001b[32m\"radix-:r47:-trigger-basic\"\u001b[39m\n          \u001b[33mclass\u001b[39m=\u001b[32m\"mt-2 ring-offset-white focus-visible:outline-none focus-visible:ring-2 focus-visible:ring-[#0F4C3A] focus-visible:ring-offset-2 space-y-4\"\u001b[39m\n          \u001b[33mdata-orientation\u001b[39m=\u001b[32m\"horizontal\"\u001b[39m\n          \u001b[33mdata-state\u001b[39m=\u001b[32m\"active\"\u001b[39m\n          \u001b[33mid\u001b[39m=\u001b[32m\"radix-:r47:-content-basic\"\u001b[39m\n          \u001b[33mrole\u001b[39m=\u001b[32m\"tabpanel\"\u001b[39m\n          \u001b[33mstyle\u001b[39m=\u001b[32m\"animation-duration: 0s;\"\u001b[39m\n          \u001b[33mtabindex\u001b[39m=\u001b[32m\"0\"\u001b[39m\n        \u001b[36m>\u001b[39m\n          \u001b[36m<div\u001b[39m\n            \u001b[33mclass\u001b[39m=\u001b[32m\"space-y-2\"\u001b[39m\n          \u001b[36m>\u001b[39m\n            \u001b[36m<label\u001b[39m\n ...\n\nIgnored nodes: comments, script, style\n\u001b[36m<body\u001b[39m\n  \u001b[33mdata-scroll-locked\u001b[39m=\u001b[32m\"1\"\u001b[39m\n  \u001b[33mstyle\u001b[39m=\u001b[32m\"pointer-events: none;\"\u001b[39m\n\u001b[36m>\u001b[39m\n  \u001b[36m<span\u001b[39m\n    \u001b[33maria-hidden\u001b[39m=\u001b[32m\"true\"\u001b[39m\n    \u001b[33mdata-aria-hidden\u001b[39m=\u001b[32m\"true\"\u001b[39m\n    \u001b[33mdata-radix-focus-guard\u001b[39m=\u001b[32m\"\"\u001b[39m\n    \u001b[33mstyle\u001b[39m=\u001b[32m\"outline: none; opacity: 0; position: fixed; pointer-events: none;\"\u001b[39m\n    \u001b[33mtabindex\u001b[39m=\u001b[32m\"0\"\u001b[39m\n  \u001b[36m/>\u001b[39m\n  \u001b[36m<div\u001b[39m\n    \u001b[33maria-hidden\u001b[39m=\u001b[32m\"true\"\u001b[39m\n    \u001b[33mdata-aria-hidden\u001b[39m=\u001b[32m\"true\"\u001b[39m\n  \u001b[36m/>\u001b[39m\n  \u001b[36m<div\u001b[39m\n    \u001b[33maria-hidden\u001b[39m=\u001b[32m\"true\"\u001b[39m\n    \u001b[33mclass\u001b[39m=\u001b[32m\"fixed inset-0 z-50 bg-black/80 data-[state=open]:animate-in data-[state=closed]:animate-out data-[state=closed]:fade-out-0 data-[state=open]:fade-in-0\"\u001b[39m\n    \u001b[33mdata-aria-hidden\u001b[39m=\u001b[32m\"true\"\u001b[39m\n    \u001b[33mdata-state\u001b[39m=\u001b[32m\"open\"\u001b[39m\n    \u001b[33mstyle\u001b[39m=\u001b[32m\"pointer-events: auto;\"\u001b[39m\n  \u001b[36m/>\u001b[39m\n  \u001b[36m<div\u001b[39m\n    \u001b[33maria-describedby\u001b[39m=\u001b[32m\"radix-:r46:\"\u001b[39m\n    \u001b[33maria-labelledby\u001b[39m=\u001b[32m\"radix-:r45:\"\u001b[39m\n    \u001b[33mclass\u001b[39m=\u001b[32m\"fixed left-[50%] top-[50%] z-50 grid w-full translate-x-[-50%] translate-y-[-50%] gap-4 border border-gray-200 bg-white p-6 shadow-lg duration-200 data-[state=open]:animate-in data-[state=closed]:animate-out data-[state=closed]:fade-out-0 data-[state=open]:fade-in-0 data-[state=closed]:zoom-out-95 data-[state=open]:zoom-in-95 data-[state=closed]:slide-out-to-left-1/2 data-[state=closed]:slide-out-to-top-[48%] data-[state=open]:slide-in-from-left-1/2 data-[state=open]:slide-in-from-top-[48%] sm:rounded-lg max-w-4xl max-h-[90vh] overflow-y-auto\"\u001b[39m\n    \u001b[33mdata-state\u001b[39m=\u001b[32m\"open\"\u001b[39m\n    \u001b[33mid\u001b[39m=\u001b[32m\"radix-:r44:\"\u001b[39m\n    \u001b[33mrole\u001b[39m=\u001b[32m\"dialog\"\u001b[39m\n    \u001b[33mstyle\u001b[39m=\u001b[32m\"pointer-events: auto;\"\u001b[39m\n    \u001b[33mtabindex\u001b[39m=\u001b[32m\"-1\"\u001b[39m\n  \u001b[36m>\u001b[39m\n    \u001b[36m<div\u001b[39m\n      \u001b[33mclass\u001b[39m=\u001b[32m\"flex flex-col space-y-1.5 text-center sm:text-left\"\u001b[39m\n    \u001b[36m>\u001b[39m\n      \u001b[36m<h2\u001b[39m\n        \u001b[33mclass\u001b[39m=\u001b[32m\"text-lg font-semibold leading-none tracking-tight\"\u001b[39m\n        \u001b[33mid\u001b[39m=\u001b[32m\"radix-:r45:\"\u001b[39m\n      \u001b[36m>\u001b[39m\n        \u001b[0m创建路线\u001b[0m\n      \u001b[36m</h2>\u001b[39m\n      \u001b[36m<p\u001b[39m\n        \u001b[33mclass\u001b[39m=\u001b[32m\"text-sm text-gray-500\"\u001b[39m\n        \u001b[33mid\u001b[39m=\u001b[32m\"radix-:r46:\"\u001b[39m\n      \u001b[36m>\u001b[39m\n        \u001b[0m填写路线基本信息\u001b[0m\n      \u001b[36m</p>\u001b[39m\n    \u001b[36m</div>\u001b[39m\n    \u001b[36m<form\u001b[39m\n      \u001b[33mclass\u001b[39m=\u001b[32m\"space-y-6\"\u001b[39m\n    \u001b[36m>\u001b[39m\n      \u001b[36m<div\u001b[39m\n        \u001b[33mclass\u001b[39m=\u001b[32m\"w-full\"\u001b[39m\n        \u001b[33mdata-orientation\u001b[39m=\u001b[32m\"horizontal\"\u001b[39m\n        \u001b[33mdir\u001b[39m=\u001b[32m\"ltr\"\u001b[39m\n      \u001b[36m>\u001b[39m\n        \u001b[36m<div\u001b[39m\n          \u001b[33maria-orientation\u001b[39m=\u001b[32m\"horizontal\"\u001b[39m\n          \u001b[33mclass\u001b[39m=\u001b[32m\"h-10 items-center justify-center rounded-md bg-gray-100 p-1 text-gray-500 grid w-full grid-cols-3\"\u001b[39m\n          \u001b[33mdata-orientation\u001b[39m=\u001b[32m\"horizontal\"\u001b[39m\n          \u001b[33mrole\u001b[39m=\u001b[32m\"tablist\"\u001b[39m\n          \u001b[33mstyle\u001b[39m=\u001b[32m\"outline: none;\"\u001b[39m\n          \u001b[33mtabindex\u001b[39m=\u001b[32m\"0\"\u001b[39m\n        \u001b[36m>\u001b[39m\n          \u001b[36m<button\u001b[39m\n            \u001b[33maria-controls\u001b[39m=\u001b[32m\"radix-:r47:-content-basic\"\u001b[39m\n            \u001b[33maria-selected\u001b[39m=\u001b[32m\"true\"\u001b[39m\n            \u001b[33mclass\u001b[39m=\u001b[32m\"inline-flex items-center justify-center whitespace-nowrap rounded-sm px-3 py-1.5 text-sm font-medium ring-offset-white transition-all focus-visible:outline-none focus-visible:ring-2 focus-visible:ring-[#0F4C3A] focus-visible:ring-offset-2 disabled:pointer-events-none disabled:opacity-50 data-[state=active]:bg-white data-[state=active]:text-gray-950 data-[state=active]:shadow-sm\"\u001b[39m\n            \u001b[33mdata-orientation\u001b[39m=\u001b[32m\"horizontal\"\u001b[39m\n            \u001b[33mdata-radix-collection-item\u001b[39m=\u001b[32m\"\"\u001b[39m\n            \u001b[33mdata-state\u001b[39m=\u001b[32m\"active\"\u001b[39m\n            \u001b[33mid\u001b[39m=\u001b[32m\"radix-:r47:-trigger-basic\"\u001b[39m\n            \u001b[33mrole\u001b[39m=\u001b[32m\"tab\"\u001b[39m\n            \u001b[33mtabindex\u001b[39m=\u001b[32m\"-1\"\u001b[39m\n            \u001b[33mtype\u001b[39m=\u001b[32m\"button\"\u001b[39m\n          \u001b[36m>\u001b[39m\n            \u001b[0m基本信息\u001b[0m\n          \u001b[36m</button>\u001b[39m\n          \u001b[36m<button\u001b[39m\n            \u001b[33maria-controls\u001b[39m=\u001b[32m\"radix-:r47:-content-description\"\u001b[39m\n            \u001b[33maria-selected\u001b[39m=\u001b[32m\"false\"\u001b[39m\n            \u001b[33mclass\u001b[39m=\u001b[32m\"inline-flex items-center justify-center whitespace-nowrap rounded-sm px-3 py-1.5 text-sm font-medium ring-offset-white transition-all focus-visible:outline-none focus-visible:ring-2 focus-visible:ring-[#0F4C3A] focus-visible:ring-offset-2 disabled:pointer-events-none disabled:opacity-50 data-[state=active]:bg-white data-[state=active]:text-gray-950 data-[state=active]:shadow-sm\"\u001b[39m\n            \u001b[33mdata-orientation\u001b[39m=\u001b[32m\"horizontal\"\u001b[39m\n            \u001b[33mdata-radix-collection-item\u001b[39m=\u001b[32m\"\"\u001b[39m\n            \u001b[33mdata-state\u001b[39m=\u001b[32m\"inactive\"\u001b[39m\n            \u001b[33mid\u001b[39m=\u001b[32m\"radix-:r47:-trigger-description\"\u001b[39m\n            \u001b[33mrole\u001b[39m=\u001b[32m\"tab\"\u001b[39m\n            \u001b[33mtabindex\u001b[39m=\u001b[32m\"-1\"\u001b[39m\n            \u001b[33mtype\u001b[39m=\u001b[32m\"button\"\u001b[39m\n          \u001b[36m>\u001b[39m\n            \u001b[0m详细描述\u001b[0m\n          \u001b[36m</button>\u001b[39m\n          \u001b[36m<button\u001b[39m\n            \u001b[33maria-controls\u001b[39m=\u001b[32m\"radix-:r47:-content-settings\"\u001b[39m\n            \u001b[33maria-selected\u001b[39m=\u001b[32m\"false\"\u001b[39m\n            \u001b[33mclass\u001b[39m=\u001b[32m\"inline-flex items-center justify-center whitespace-nowrap rounded-sm px-3 py-1.5 text-sm font-medium ring-offset-white transition-all focus-visible:outline-none focus-visible:ring-2 focus-visible:ring-[#0F4C3A] focus-visible:ring-offset-2 disabled:pointer-events-none disabled:opacity-50 data-[state=active]:bg-white data-[state=active]:text-gray-950 data-[state=active]:shadow-sm\"\u001b[39m\n            \u001b[33mdata-orientation\u001b[39m=\u001b[32m\"horizontal\"\u001b[39m\n            \u001b[33mdata-radix-collection-item\u001b[39m=\u001b[32m\"\"\u001b[39m\n            \u001b[33mdata-state\u001b[39m=\u001b[32m\"inactive\"\u001b[39m\n            \u001b[33mid\u001b[39m=\u001b[32m\"radix-:r47:-trigger-settings\"\u001b[39m\n            \u001b[33mrole\u001b[39m=\u001b[32m\"tab\"\u001b[39m\n            \u001b[33mtabindex\u001b[39m=\u001b[32m\"-1\"\u001b[39m\n            \u001b[33mtype\u001b[39m=\u001b[32m\"button\"\u001b[39m\n          \u001b[36m>\u001b[39m\n            \u001b[0m设置\u001b[0m\n          \u001b[36m</button>\u001b[39m\n        \u001b[36m</div>\u001b[39m\n        \u001b[36m<div\u001b[39m\n          \u001b[33maria-labelledby\u001b[39m=\u001b[32m\"radix-:r47:-trigger-basic\"\u001b[39m\n          \u001b[33mclass\u001b[39m=\u001b[32m\"mt-2 ring-offset-white focus-visible:outline-none focus-visible:ring-2 focus-visible:ring-[#0F4C3A] focus-visible:ring-offset-2 space-y-4\"\u001b[39m\n          \u001b[33mdata-orientation\u001b[39m=\u001b[32m\"horizontal\"\u001b[39m\n          \u001b[33mdata-state\u001b[39m=\u001b[32m\"active\"\u001b[39m\n          \u001b[33mid\u001b[39m=\u001b[32m\"radix-:r47:-content-basic\"\u001b[39m\n          \u001b[33mrole\u001b[39m=\u001b[32m\"tabpanel\"\u001b[39m\n          \u001b[33mstyle\u001b[39m=\u001b[32m\"animation-duration: 0s;\"\u001b[39m\n          \u001b[33mtabindex\u001b[39m=\u001b[32m\"0\"\u001b[39m\n        \u001b[36m>\u001b[39m\n          \u001b[36m<div\u001b[39m\n            \u001b[33mclass\u001b[39m=\u001b[32m\"space-y-2\"\u001b[39m\n          \u001b[36m>\u001b[39m\n            \u001b[36m<label\u001b[39m\n ..."],"location":{"line":163,"column":27}},{"ancestorTitles":["","RouteEditor - Form Validation Tests (Requirements 8.2)","Numeric Field Validation"],"fullName":" RouteEditor - Form Validation Tests (Requirements 8.2) Numeric Field Validation should show error when distance is negative","status":"passed","title":"should show error when distance is negative","duration":56,"failureMessages":[]},{"ancestorTitles":["","RouteEditor - Form Validation Tests (Requirements 8.2)","Numeric Field Validation"],"fullName":" RouteEditor - Form Validation Tests (Requirements 8.2) Numeric Field Validation should show error when duration is negative","status":"failed","title":"should show error when duration is negative","duration":22,"failureMessages":["Unable to find a label with the text of: /时长 \\(分钟\\)/\n\nIgnored nodes: comments, script, style\n\u001b[36m<body\u001b[39m\n  \u001b[33mdata-scroll-locked\u001b[39m=\u001b[32m\"1\"\u001b[39m\n  \u001b[33mstyle\u001b[39m=\u001b[32m\"pointer-events: none;\"\u001b[39m\n\u001b[36m>\u001b[39m\n  \u001b[36m<span\u001b[39m\n    \u001b[33maria-hidden\u001b[39m=\u001b[32m\"true\"\u001b[39m\n    \u001b[33mdata-aria-hidden\u001b[39m=\u001b[32m\"true\"\u001b[39m\n    \u001b[33mdata-radix-focus-guard\u001b[39m=\u001b[32m\"\"\u001b[39m\n    \u001b[33mstyle\u001b[39m=\u001b[32m\"outline: none; opacity: 0; position: fixed; pointer-events: none;\"\u001b[39m\n    \u001b[33mtabindex\u001b[39m=\u001b[32m\"0\"\u001b[39m\n  \u001b[36m/>\u001b[39m\n  \u001b[36m<div\u001b[39m\n    \u001b[33maria-hidden\u001b[39m=\u001b[32m\"true\"\u001b[39m\n    \u001b[33mdata-aria-hidden\u001b[39m=\u001b[32m\"true\"\u001b[39m\n  \u001b[36m/>\u001b[39m\n  \u001b[36m<div\u001b[39m\n    \u001b[33maria-hidden\u001b[39m=\u001b[32m\"true\"\u001b[39m\n    \u001b[33mclass\u001b[39m=\u001b[32m\"fixed inset-0 z-50 bg-black/80 data-[state=open]:animate-in data-[state=closed]:animate-out data-[state=closed]:fade-out-0 data-[state=open]:fade-in-0\"\u001b[39m\n    \u001b[33mdata-aria-hidden\u001b[39m=\u001b[32m\"true\"\u001b[39m\n    \u001b[33mdata-state\u001b[39m=\u001b[32m\"open\"\u001b[39m\n    \u001b[33mstyle\u001b[39m=\u001b[32m\"pointer-events: auto;\"\u001b[39m\n  \u001b[36m/>\u001b[39m\n  \u001b[36m<div\u001b[39m\n    \u001b[33maria-describedby\u001b[39m=\u001b[32m\"radix-:r5i:\"\u001b[39m\n    \u001b[33maria-labelledby\u001b[39m=\u001b[32m\"radix-:r5h:\"\u001b[39m\n    \u001b[33mclass\u001b[39m=\u001b[32m\"fixed left-[50%] top-[50%] z-50 grid w-full translate-x-[-50%] translate-y-[-50%] gap-4 border border-gray-200 bg-white p-6 shadow-lg duration-200 data-[state=open]:animate-in data-[state=closed]:animate-out data-[state=closed]:fade-out-0 data-[state=open]:fade-in-0 data-[state=closed]:zoom-out-95 data-[state=open]:zoom-in-95 data-[state=closed]:slide-out-to-left-1/2 data-[state=closed]:slide-out-to-top-[48%] data-[state=open]:slide-in-from-left-1/2 data-[state=open]:slide-in-from-top-[48%] sm:rounded-lg max-w-4xl max-h-[90vh] overflow-y-auto\"\u001b[39m\n    \u001b[33mdata-state\u001b[39m=\u001b[32m\"open\"\u001b[39m\n    \u001b[33mid\u001b[39m=\u001b[32m\"radix-:r5g:\"\u001b[39m\n    \u001b[33mrole\u001b[39m=\u001b[32m\"dialog\"\u001b[39m\n    \u001b[33mstyle\u001b[39m=\u001b[32m\"pointer-events: auto;\"\u001b[39m\n    \u001b[33mtabindex\u001b[39m=\u001b[32m\"-1\"\u001b[39m\n  \u001b[36m>\u001b[39m\n    \u001b[36m<div\u001b[39m\n      \u001b[33mclass\u001b[39m=\u001b[32m\"flex flex-col space-y-1.5 text-center sm:text-left\"\u001b[39m\n    \u001b[36m>\u001b[39m\n      \u001b[36m<h2\u001b[39m\n        \u001b[33mclass\u001b[39m=\u001b[32m\"text-lg font-semibold leading-none tracking-tight\"\u001b[39m\n        \u001b[33mid\u001b[39m=\u001b[32m\"radix-:r5h:\"\u001b[39m\n      \u001b[36m>\u001b[39m\n        \u001b[0m创建路线\u001b[0m\n      \u001b[36m</h2>\u001b[39m\n      \u001b[36m<p\u001b[39m\n        \u001b[33mclass\u001b[39m=\u001b[32m\"text-sm text-gray-500\"\u001b[39m\n        \u001b[33mid\u001b[39m=\u001b[32m\"radix-:r5i:\"\u001b[39m\n      \u001b[36m>\u001b[39m\n        \u001b[0m填写路线基本信息\u001b[0m\n      \u001b[36m</p>\u001b[39m\n    \u001b[36m</div>\u001b[39m\n    \u001b[36m<form\u001b[39m\n      \u001b[33mclass\u001b[39m=\u001b[32m\"space-y-6\"\u001b[39m\n    \u001b[36m>\u001b[39m\n      \u001b[36m<div\u001b[39m\n        \u001b[33mclass\u001b[39m=\u001b[32m\"w-full\"\u001b[39m\n        \u001b[33mdata-orientation\u001b[39m=\u001b[32m\"horizontal\"\u001b[39m\n        \u001b[33mdir\u001b[39m=\u001b[32m\"ltr\"\u001b[39m\n      \u001b[36m>\u001b[39m\n        \u001b[36m<div\u001b[39m\n          \u001b[33maria-orientation\u001b[39m=\u001b[32m\"horizontal\"\u001b[39m\n          \u001b[33mclass\u001b[39m=\u001b[32m\"h-10 items-center justify-center rounded-md bg-gray-100 p-1 text-gray-500 grid w-full grid-cols-3\"\u001b[39m\n          \u001b[33mdata-orientation\u001b[39m=\u001b[32m\"horizontal\"\u001b[39m\n          \u001b[33mrole\u001b[39m=\u001b[32m\"tablist\"\u001b[39m\n          \u001b[33mstyle\u001b[39m=\u001b[32m\"outline: none;\"\u001b[39m\n          \u001b[33mtabindex\u001b[39m=\u001b[32m\"0\"\u001b[39m\n        \u001b[36m>\u001b[39m\n          \u001b[36m<button\u001b[39m\n            \u001b[33maria-controls\u001b[39m=\u001b[32m\"radix-:r5j:-content-basic\"\u001b[39m\n            \u001b[33maria-selected\u001b[39m=\u001b[32m\"true\"\u001b[39m\n            \u001b[33mclass\u001b[39m=\u001b[32m\"inline-flex items-center justify-center whitespace-nowrap rounded-sm px-3 py-1.5 text-sm font-medium ring-offset-white transition-all focus-visible:outline-none focus-visible:ring-2 focus-visible:ring-[#0F4C3A] focus-visible:ring-offset-2 disabled:pointer-events-none disabled:opacity-50 data-[state=active]:bg-white data-[state=active]:text-gray-950 data-[state=active]:shadow-sm\"\u001b[39m\n            \u001b[33mdata-orientation\u001b[39m=\u001b[32m\"horizontal\"\u001b[39m\n            \u001b[33mdata-radix-collection-item\u001b[39m=\u001b[32m\"\"\u001b[39m\n            \u001b[33mdata-state\u001b[39m=\u001b[32m\"active\"\u001b[39m\n            \u001b[33mid\u001b[39m=\u001b[32m\"radix-:r5j:-trigger-basic\"\u001b[39m\n            \u001b[33mrole\u001b[39m=\u001b[32m\"tab\"\u001b[39m\n            \u001b[33mtabindex\u001b[39m=\u001b[32m\"-1\"\u001b[39m\n            \u001b[33mtype\u001b[39m=\u001b[32m\"button\"\u001b[39m\n          \u001b[36m>\u001b[39m\n            \u001b[0m基本信息\u001b[0m\n          \u001b[36m</button>\u001b[39m\n          \u001b[36m<button\u001b[39m\n            \u001b[33maria-controls\u001b[39m=\u001b[32m\"radix-:r5j:-content-description\"\u001b[39m\n            \u001b[33maria-selected\u001b[39m=\u001b[32m\"false\"\u001b[39m\n            \u001b[33mclass\u001b[39m=\u001b[32m\"inline-flex items-center justify-center whitespace-nowrap rounded-sm px-3 py-1.5 text-sm font-medium ring-offset-white transition-all focus-visible:outline-none focus-visible:ring-2 focus-visible:ring-[#0F4C3A] focus-visible:ring-offset-2 disabled:pointer-events-none disabled:opacity-50 data-[state=active]:bg-white data-[state=active]:text-gray-950 data-[state=active]:shadow-sm\"\u001b[39m\n            \u001b[33mdata-orientation\u001b[39m=\u001b[32m\"horizontal\"\u001b[39m\n            \u001b[33mdata-radix-collection-item\u001b[39m=\u001b[32m\"\"\u001b[39m\n            \u001b[33mdata-state\u001b[39m=\u001b[32m\"inactive\"\u001b[39m\n            \u001b[33mid\u001b[39m=\u001b[32m\"radix-:r5j:-trigger-description\"\u001b[39m\n            \u001b[33mrole\u001b[39m=\u001b[32m\"tab\"\u001b[39m\n            \u001b[33mtabindex\u001b[39m=\u001b[32m\"-1\"\u001b[39m\n            \u001b[33mtype\u001b[39m=\u001b[32m\"button\"\u001b[39m\n          \u001b[36m>\u001b[39m\n            \u001b[0m详细描述\u001b[0m\n          \u001b[36m</button>\u001b[39m\n          \u001b[36m<button\u001b[39m\n            \u001b[33maria-controls\u001b[39m=\u001b[32m\"radix-:r5j:-content-settings\"\u001b[39m\n            \u001b[33maria-selected\u001b[39m=\u001b[32m\"false\"\u001b[39m\n            \u001b[33mclass\u001b[39m=\u001b[32m\"inline-flex items-center justify-center whitespace-nowrap rounded-sm px-3 py-1.5 text-sm font-medium ring-offset-white transition-all focus-visible:outline-none focus-visible:ring-2 focus-visible:ring-[#0F4C3A] focus-visible:ring-offset-2 disabled:pointer-events-none disabled:opacity-50 data-[state=active]:bg-white data-[state=active]:text-gray-950 data-[state=active]:shadow-sm\"\u001b[39m\n            \u001b[33mdata-orientation\u001b[39m=\u001b[32m\"horizontal\"\u001b[39m\n            \u001b[33mdata-radix-collection-item\u001b[39m=\u001b[32m\"\"\u001b[39m\n            \u001b[33mdata-state\u001b[39m=\u001b[32m\"inactive\"\u001b[39m\n            \u001b[33mid\u001b[39m=\u001b[32m\"radix-:r5j:-trigger-settings\"\u001b[39m\n            \u001b[33mrole\u001b[39m=\u001b[32m\"tab\"\u001b[39m\n            \u001b[33mtabindex\u001b[39m=\u001b[32m\"-1\"\u001b[39m\n            \u001b[33mtype\u001b[39m=\u001b[32m\"button\"\u001b[39m\n          \u001b[36m>\u001b[39m\n            \u001b[0m设置\u001b[0m\n          \u001b[36m</button>\u001b[39m\n        \u001b[36m</div>\u001b[39m\n        \u001b[36m<div\u001b[39m\n          \u001b[33maria-labelledby\u001b[39m=\u001b[32m\"radix-:r5j:-trigger-basic\"\u001b[39m\n          \u001b[33mclass\u001b[39m=\u001b[32m\"mt-2 ring-offset-white focus-visible:outline-none focus-visible:ring-2 focus-visible:ring-[#0F4C3A] focus-visible:ring-offset-2 space-y-4\"\u001b[39m\n          \u001b[33mdata-orientation\u001b[39m=\u001b[32m\"horizontal\"\u001b[39m\n          \u001b[33mdata-state\u001b[39m=\u001b[32m\"active\"\u001b[39m\n          \u001b[33mid\u001b[39m=\u001b[32m\"radix-:r5j:-content-basic\"\u001b[39m\n          \u001b[33mrole\u001b[39m=\u001b[32m\"tabpanel\"\u001b[39m\n          \u001b[33mstyle\u001b[39m=\u001b[32m\"animation-duration: 0s;\"\u001b[39m\n          \u001b[33mtabindex\u001b[39m=\u001b[32m\"0\"\u001b[39m\n        \u001b[36m>\u001b[39m\n          \u001b[36m<div\u001b[39m\n            \u001b[33mclass\u001b[39m=\u001b[32m\"space-y-2\"\u001b[39m\n          \u001b[36m>\u001b[39m\n            \u001b[36m<label\u001b[39m\n ..."],"location":{"line":37,"column":19}},{"ancestorTitles":["","RouteEditor - Form Validation Tests (Requirements 8.2)","Numeric Field Validation"],"fullName":" RouteEditor - Form Validation Tests (Requirements 8.2) Numeric Field Validation should show error when price is negative","status":"passed","title":"should show error when price is negative","duration":41,"failureMessages":[]},{"ancestorTitles":["","RouteEditor - Form Validation Tests (Requirements 8.2)","Character Counter Display"],"fullName":" RouteEditor - Form Validation Tests (Requirements 8.2) Character Counter Display should display character count for short description","status":"failed","title":"should display character count for short description","duration":1023,"failureMessages":["Unable to find an element with the placeholder text of: 简短介绍路线特色...\n\nIgnored nodes: comments, script, style\n\u001b[36m<body\u001b[39m\n  \u001b[33mdata-scroll-locked\u001b[39m=\u001b[32m\"1\"\u001b[39m\n  \u001b[33mstyle\u001b[39m=\u001b[32m\"pointer-events: none;\"\u001b[39m\n\u001b[36m>\u001b[39m\n  \u001b[36m<span\u001b[39m\n    \u001b[33maria-hidden\u001b[39m=\u001b[32m\"true\"\u001b[39m\n    \u001b[33mdata-aria-hidden\u001b[39m=\u001b[32m\"true\"\u001b[39m\n    \u001b[33mdata-radix-focus-guard\u001b[39m=\u001b[32m\"\"\u001b[39m\n    \u001b[33mstyle\u001b[39m=\u001b[32m\"outline: none; opacity: 0; position: fixed; pointer-events: none;\"\u001b[39m\n    \u001b[33mtabindex\u001b[39m=\u001b[32m\"0\"\u001b[39m\n  \u001b[36m/>\u001b[39m\n  \u001b[36m<div\u001b[39m\n    \u001b[33maria-hidden\u001b[39m=\u001b[32m\"true\"\u001b[39m\n    \u001b[33mdata-aria-hidden\u001b[39m=\u001b[32m\"true\"\u001b[39m\n  \u001b[36m/>\u001b[39m\n  \u001b[36m<div\u001b[39m\n    \u001b[33maria-hidden\u001b[39m=\u001b[32m\"true\"\u001b[39m\n    \u001b[33mclass\u001b[39m=\u001b[32m\"fixed inset-0 z-50 bg-black/80 data-[state=open]:animate-in data-[state=closed]:animate-out data-[state=closed]:fade-out-0 data-[state=open]:fade-in-0\"\u001b[39m\n    \u001b[33mdata-aria-hidden\u001b[39m=\u001b[32m\"true\"\u001b[39m\n    \u001b[33mdata-state\u001b[39m=\u001b[32m\"open\"\u001b[39m\n    \u001b[33mstyle\u001b[39m=\u001b[32m\"pointer-events: auto;\"\u001b[39m\n  \u001b[36m/>\u001b[39m\n  \u001b[36m<div\u001b[39m\n    \u001b[33maria-describedby\u001b[39m=\u001b[32m\"radix-:r6u:\"\u001b[39m\n    \u001b[33maria-labelledby\u001b[39m=\u001b[32m\"radix-:r6t:\"\u001b[39m\n    \u001b[33mclass\u001b[39m=\u001b[32m\"fixed left-[50%] top-[50%] z-50 grid w-full translate-x-[-50%] translate-y-[-50%] gap-4 border border-gray-200 bg-white p-6 shadow-lg duration-200 data-[state=open]:animate-in data-[state=closed]:animate-out data-[state=closed]:fade-out-0 data-[state=open]:fade-in-0 data-[state=closed]:zoom-out-95 data-[state=open]:zoom-in-95 data-[state=closed]:slide-out-to-left-1/2 data-[state=closed]:slide-out-to-top-[48%] data-[state=open]:slide-in-from-left-1/2 data-[state=open]:slide-in-from-top-[48%] sm:rounded-lg max-w-4xl max-h-[90vh] overflow-y-auto\"\u001b[39m\n    \u001b[33mdata-state\u001b[39m=\u001b[32m\"open\"\u001b[39m\n    \u001b[33mid\u001b[39m=\u001b[32m\"radix-:r6s:\"\u001b[39m\n    \u001b[33mrole\u001b[39m=\u001b[32m\"dialog\"\u001b[39m\n    \u001b[33mstyle\u001b[39m=\u001b[32m\"pointer-events: auto;\"\u001b[39m\n    \u001b[33mtabindex\u001b[39m=\u001b[32m\"-1\"\u001b[39m\n  \u001b[36m>\u001b[39m\n    \u001b[36m<div\u001b[39m\n      \u001b[33mclass\u001b[39m=\u001b[32m\"flex flex-col space-y-1.5 text-center sm:text-left\"\u001b[39m\n    \u001b[36m>\u001b[39m\n      \u001b[36m<h2\u001b[39m\n        \u001b[33mclass\u001b[39m=\u001b[32m\"text-lg font-semibold leading-none tracking-tight\"\u001b[39m\n        \u001b[33mid\u001b[39m=\u001b[32m\"radix-:r6t:\"\u001b[39m\n      \u001b[36m>\u001b[39m\n        \u001b[0m创建路线\u001b[0m\n      \u001b[36m</h2>\u001b[39m\n      \u001b[36m<p\u001b[39m\n        \u001b[33mclass\u001b[39m=\u001b[32m\"text-sm text-gray-500\"\u001b[39m\n        \u001b[33mid\u001b[39m=\u001b[32m\"radix-:r6u:\"\u001b[39m\n      \u001b[36m>\u001b[39m\n        \u001b[0m填写路线基本信息\u001b[0m\n      \u001b[36m</p>\u001b[39m\n    \u001b[36m</div>\u001b[39m\n    \u001b[36m<form\u001b[39m\n      \u001b[33mclass\u001b[39m=\u001b[32m\"space-y-6\"\u001b[39m\n    \u001b[36m>\u001b[39m\n      \u001b[36m<div\u001b[39m\n        \u001b[33mclass\u001b[39m=\u001b[32m\"w-full\"\u001b[39m\n        \u001b[33mdata-orientation\u001b[39m=\u001b[32m\"horizontal\"\u001b[39m\n        \u001b[33mdir\u001b[39m=\u001b[32m\"ltr\"\u001b[39m\n      \u001b[36m>\u001b[39m\n        \u001b[36m<div\u001b[39m\n          \u001b[33maria-orientation\u001b[39m=\u001b[32m\"horizontal\"\u001b[39m\n          \u001b[33mclass\u001b[39m=\u001b[32m\"h-10 items-center justify-center rounded-md bg-gray-100 p-1 text-gray-500 grid w-full grid-cols-3\"\u001b[39m\n          \u001b[33mdata-orientation\u001b[39m=\u001b[32m\"horizontal\"\u001b[39m\n          \u001b[33mrole\u001b[39m=\u001b[32m\"tablist\"\u001b[39m\n          \u001b[33mstyle\u001b[39m=\u001b[32m\"outline: none;\"\u001b[39m\n          \u001b[33mtabindex\u001b[39m=\u001b[32m\"0\"\u001b[39m\n        \u001b[36m>\u001b[39m\n          \u001b[36m<button\u001b[39m\n            \u001b[33maria-controls\u001b[39m=\u001b[32m\"radix-:r6v:-content-basic\"\u001b[39m\n            \u001b[33maria-selected\u001b[39m=\u001b[32m\"true\"\u001b[39m\n            \u001b[33mclass\u001b[39m=\u001b[32m\"inline-flex items-center justify-center whitespace-nowrap rounded-sm px-3 py-1.5 text-sm font-medium ring-offset-white transition-all focus-visible:outline-none focus-visible:ring-2 focus-visible:ring-[#0F4C3A] focus-visible:ring-offset-2 disabled:pointer-events-none disabled:opacity-50 data-[state=active]:bg-white data-[state=active]:text-gray-950 data-[state=active]:shadow-sm\"\u001b[39m\n            \u001b[33mdata-orientation\u001b[39m=\u001b[32m\"horizontal\"\u001b[39m\n            \u001b[33mdata-radix-collection-item\u001b[39m=\u001b[32m\"\"\u001b[39m\n            \u001b[33mdata-state\u001b[39m=\u001b[32m\"active\"\u001b[39m\n            \u001b[33mid\u001b[39m=\u001b[32m\"radix-:r6v:-trigger-basic\"\u001b[39m\n            \u001b[33mrole\u001b[39m=\u001b[32m\"tab\"\u001b[39m\n            \u001b[33mtabindex\u001b[39m=\u001b[32m\"-1\"\u001b[39m\n            \u001b[33mtype\u001b[39m=\u001b[32m\"button\"\u001b[39m\n          \u001b[36m>\u001b[39m\n            \u001b[0m基本信息\u001b[0m\n          \u001b[36m</button>\u001b[39m\n          \u001b[36m<button\u001b[39m\n            \u001b[33maria-controls\u001b[39m=\u001b[32m\"radix-:r6v:-content-description\"\u001b[39m\n            \u001b[33maria-selected\u001b[39m=\u001b[32m\"false\"\u001b[39m\n            \u001b[33mclass\u001b[39m=\u001b[32m\"inline-flex items-center justify-center whitespace-nowrap rounded-sm px-3 py-1.5 text-sm font-medium ring-offset-white transition-all focus-visible:outline-none focus-visible:ring-2 focus-visible:ring-[#0F4C3A] focus-visible:ring-offset-2 disabled:pointer-events-none disabled:opacity-50 data-[state=active]:bg-white data-[state=active]:text-gray-950 data-[state=active]:shadow-sm\"\u001b[39m\n            \u001b[33mdata-orientation\u001b[39m=\u001b[32m\"horizontal\"\u001b[39m\n            \u001b[33mdata-radix-collection-item\u001b[39m=\u001b[32m\"\"\u001b[39m\n            \u001b[33mdata-state\u001b[39m=\u001b[32m\"inactive\"\u001b[39m\n            \u001b[33mid\u001b[39m=\u001b[32m\"radix-:r6v:-trigger-description\"\u001b[39m\n            \u001b[33mrole\u001b[39m=\u001b[32m\"tab\"\u001b[39m\n            \u001b[33mtabindex\u001b[39m=\u001b[32m\"-1\"\u001b[39m\n            \u001b[33mtype\u001b[39m=\u001b[32m\"button\"\u001b[39m\n          \u001b[36m>\u001b[39m\n            \u001b[0m详细描述\u001b[0m\n          \u001b[36m</button>\u001b[39m\n          \u001b[36m<button\u001b[39m\n            \u001b[33maria-controls\u001b[39m=\u001b[32m\"radix-:r6v:-content-settings\"\u001b[39m\n            \u001b[33maria-selected\u001b[39m=\u001b[32m\"false\"\u001b[39m\n            \u001b[33mclass\u001b[39m=\u001b[32m\"inline-flex items-center justify-center whitespace-nowrap rounded-sm px-3 py-1.5 text-sm font-medium ring-offset-white transition-all focus-visible:outline-none focus-visible:ring-2 focus-visible:ring-[#0F4C3A] focus-visible:ring-offset-2 disabled:pointer-events-none disabled:opacity-50 data-[state=active]:bg-white data-[state=active]:text-gray-950 data-[state=active]:shadow-sm\"\u001b[39m\n            \u001b[33mdata-orientation\u001b[39m=\u001b[32m\"horizontal\"\u001b[39m\n            \u001b[33mdata-radix-collection-item\u001b[39m=\u001b[32m\"\"\u001b[39m\n            \u001b[33mdata-state\u001b[39m=\u001b[32m\"inactive\"\u001b[39m\n            \u001b[33mid\u001b[39m=\u001b[32m\"radix-:r6v:-trigger-settings\"\u001b[39m\n            \u001b[33mrole\u001b[39m=\u001b[32m\"tab\"\u001b[39m\n            \u001b[33mtabindex\u001b[39m=\u001b[32m\"-1\"\u001b[39m\n            \u001b[33mtype\u001b[39m=\u001b[32m\"button\"\u001b[39m\n          \u001b[36m>\u001b[39m\n            \u001b[0m设置\u001b[0m\n          \u001b[36m</button>\u001b[39m\n        \u001b[36m</div>\u001b[39m\n        \u001b[36m<div\u001b[39m\n          \u001b[33maria-labelledby\u001b[39m=\u001b[32m\"radix-:r6v:-trigger-basic\"\u001b[39m\n          \u001b[33mclass\u001b[39m=\u001b[32m\"mt-2 ring-offset-white focus-visible:outline-none focus-visible:ring-2 focus-visible:ring-[#0F4C3A] focus-visible:ring-offset-2 space-y-4\"\u001b[39m\n          \u001b[33mdata-orientation\u001b[39m=\u001b[32m\"horizontal\"\u001b[39m\n          \u001b[33mdata-state\u001b[39m=\u001b[32m\"active\"\u001b[39m\n          \u001b[33mid\u001b[39m=\u001b[32m\"radix-:r6v:-content-basic\"\u001b[39m\n          \u001b[33mrole\u001b[39m=\u001b[32m\"tabpanel\"\u001b[39m\n          \u001b[33mstyle\u001b[39m=\u001b[32m\"animation-duration: 0s;\"\u001b[39m\n          \u001b[33mtabindex\u001b[39m=\u001b[32m\"0\"\u001b[39m\n        \u001b[36m>\u001b[39m\n          \u001b[36m<div\u001b[39m\n            \u001b[33mclass\u001b[39m=\u001b[32m\"space-y-2\"\u001b[39m\n          \u001b[36m>\u001b[39m\n            \u001b[36m<label\u001b[39m\n ...\n\nIgnored nodes: comments, script, style\n\u001b[36m<body\u001b[39m\n  \u001b[33mdata-scroll-locked\u001b[39m=\u001b[32m\"1\"\u001b[39m\n  \u001b[33mstyle\u001b[39m=\u001b[32m\"pointer-events: none;\"\u001b[39m\n\u001b[36m>\u001b[39m\n  \u001b[36m<span\u001b[39m\n    \u001b[33maria-hidden\u001b[39m=\u001b[32m\"true\"\u001b[39m\n    \u001b[33mdata-aria-hidden\u001b[39m=\u001b[32m\"true\"\u001b[39m\n    \u001b[33mdata-radix-focus-guard\u001b[39m=\u001b[32m\"\"\u001b[39m\n    \u001b[33mstyle\u001b[39m=\u001b[32m\"outline: none; opacity: 0; position: fixed; pointer-events: none;\"\u001b[39m\n    \u001b[33mtabindex\u001b[39m=\u001b[32m\"0\"\u001b[39m\n  \u001b[36m/>\u001b[39m\n  \u001b[36m<div\u001b[39m\n    \u001b[33maria-hidden\u001b[39m=\u001b[32m\"true\"\u001b[39m\n    \u001b[33mdata-aria-hidden\u001b[39m=\u001b[32m\"true\"\u001b[39m\n  \u001b[36m/>\u001b[39m\n  \u001b[36m<div\u001b[39m\n    \u001b[33maria-hidden\u001b[39m=\u001b[32m\"true\"\u001b[39m\n    \u001b[33mclass\u001b[39m=\u001b[32m\"fixed inset-0 z-50 bg-black/80 data-[state=open]:animate-in data-[state=closed]:animate-out data-[state=closed]:fade-out-0 data-[state=open]:fade-in-0\"\u001b[39m\n    \u001b[33mdata-aria-hidden\u001b[39m=\u001b[32m\"true\"\u001b[39m\n    \u001b[33mdata-state\u001b[39m=\u001b[32m\"open\"\u001b[39m\n    \u001b[33mstyle\u001b[39m=\u001b[32m\"pointer-events: auto;\"\u001b[39m\n  \u001b[36m/>\u001b[39m\n  \u001b[36m<div\u001b[39m\n    \u001b[33maria-describedby\u001b[39m=\u001b[32m\"radix-:r6u:\"\u001b[39m\n    \u001b[33maria-labelledby\u001b[39m=\u001b[32m\"radix-:r6t:\"\u001b[39m\n    \u001b[33mclass\u001b[39m=\u001b[32m\"fixed left-[50%] top-[50%] z-50 grid w-full translate-x-[-50%] translate-y-[-50%] gap-4 border border-gray-200 bg-white p-6 shadow-lg duration-200 data-[state=open]:animate-in data-[state=closed]:animate-out data-[state=closed]:fade-out-0 data-[state=open]:fade-in-0 data-[state=closed]:zoom-out-95 data-[state=open]:zoom-in-95 data-[state=closed]:slide-out-to-left-1/2 data-[state=closed]:slide-out-to-top-[48%] data-[state=open]:slide-in-from-left-1/2 data-[state=open]:slide-in-from-top-[48%] sm:rounded-lg max-w-4xl max-h-[90vh] overflow-y-auto\"\u001b[39m\n    \u001b[33mdata-state\u001b[39m=\u001b[32m\"open\"\u001b[39m\n    \u001b[33mid\u001b[39m=\u001b[32m\"radix-:r6s:\"\u001b[39m\n    \u001b[33mrole\u001b[39m=\u001b[32m\"dialog\"\u001b[39m\n    \u001b[33mstyle\u001b[39m=\u001b[32m\"pointer-events: auto;\"\u001b[39m\n    \u001b[33mtabindex\u001b[39m=\u001b[32m\"-1\"\u001b[39m\n  \u001b[36m>\u001b[39m\n    \u001b[36m<div\u001b[39m\n      \u001b[33mclass\u001b[39m=\u001b[32m\"flex flex-col space-y-1.5 text-center sm:text-left\"\u001b[39m\n    \u001b[36m>\u001b[39m\n      \u001b[36m<h2\u001b[39m\n        \u001b[33mclass\u001b[39m=\u001b[32m\"text-lg font-semibold leading-none tracking-tight\"\u001b[39m\n        \u001b[33mid\u001b[39m=\u001b[32m\"radix-:r6t:\"\u001b[39m\n      \u001b[36m>\u001b[39m\n        \u001b[0m创建路线\u001b[0m\n      \u001b[36m</h2>\u001b[39m\n      \u001b[36m<p\u001b[39m\n        \u001b[33mclass\u001b[39m=\u001b[32m\"text-sm text-gray-500\"\u001b[39m\n        \u001b[33mid\u001b[39m=\u001b[32m\"radix-:r6u:\"\u001b[39m\n      \u001b[36m>\u001b[39m\n        \u001b[0m填写路线基本信息\u001b[0m\n      \u001b[36m</p>\u001b[39m\n    \u001b[36m</div>\u001b[39m\n    \u001b[36m<form\u001b[39m\n      \u001b[33mclass\u001b[39m=\u001b[32m\"space-y-6\"\u001b[39m\n    \u001b[36m>\u001b[39m\n      \u001b[36m<div\u001b[39m\n        \u001b[33mclass\u001b[39m=\u001b[32m\"w-full\"\u001b[39m\n        \u001b[33mdata-orientation\u001b[39m=\u001b[32m\"horizontal\"\u001b[39m\n        \u001b[33mdir\u001b[39m=\u001b[32m\"ltr\"\u001b[39m\n      \u001b[36m>\u001b[39m\n        \u001b[36m<div\u001b[39m\n          \u001b[33maria-orientation\u001b[39m=\u001b[32m\"horizontal\"\u001b[39m\n          \u001b[33mclass\u001b[39m=\u001b[32m\"h-10 items-center justify-center rounded-md bg-gray-100 p-1 text-gray-500 grid w-full grid-cols-3\"\u001b[39m\n          \u001b[33mdata-orientation\u001b[39m=\u001b[32m\"horizontal\"\u001b[39m\n          \u001b[33mrole\u001b[39m=\u001b[32m\"tablist\"\u001b[39m\n          \u001b[33mstyle\u001b[39m=\u001b[32m\"outline: none;\"\u001b[39m\n          \u001b[33mtabindex\u001b[39m=\u001b[32m\"0\"\u001b[39m\n        \u001b[36m>\u001b[39m\n          \u001b[36m<button\u001b[39m\n            \u001b[33maria-controls\u001b[39m=\u001b[32m\"radix-:r6v:-content-basic\"\u001b[39m\n            \u001b[33maria-selected\u001b[39m=\u001b[32m\"true\"\u001b[39m\n            \u001b[33mclass\u001b[39m=\u001b[32m\"inline-flex items-center justify-center whitespace-nowrap rounded-sm px-3 py-1.5 text-sm font-medium ring-offset-white transition-all focus-visible:outline-none focus-visible:ring-2 focus-visible:ring-[#0F4C3A] focus-visible:ring-offset-2 disabled:pointer-events-none disabled:opacity-50 data-[state=active]:bg-white data-[state=active]:text-gray-950 data-[state=active]:shadow-sm\"\u001b[39m\n            \u001b[33mdata-orientation\u001b[39m=\u001b[32m\"horizontal\"\u001b[39m\n            \u001b[33mdata-radix-collection-item\u001b[39m=\u001b[32m\"\"\u001b[39m\n            \u001b[33mdata-state\u001b[39m=\u001b[32m\"active\"\u001b[39m\n            \u001b[33mid\u001b[39m=\u001b[32m\"radix-:r6v:-trigger-basic\"\u001b[39m\n            \u001b[33mrole\u001b[39m=\u001b[32m\"tab\"\u001b[39m\n            \u001b[33mtabindex\u001b[39m=\u001b[32m\"-1\"\u001b[39m\n            \u001b[33mtype\u001b[39m=\u001b[32m\"button\"\u001b[39m\n          \u001b[36m>\u001b[39m\n            \u001b[0m基本信息\u001b[0m\n          \u001b[36m</button>\u001b[39m\n          \u001b[36m<button\u001b[39m\n            \u001b[33maria-controls\u001b[39m=\u001b[32m\"radix-:r6v:-content-description\"\u001b[39m\n            \u001b[33maria-selected\u001b[39m=\u001b[32m\"false\"\u001b[39m\n            \u001b[33mclass\u001b[39m=\u001b[32m\"inline-flex items-center justify-center whitespace-nowrap rounded-sm px-3 py-1.5 text-sm font-medium ring-offset-white transition-all focus-visible:outline-none focus-visible:ring-2 focus-visible:ring-[#0F4C3A] focus-visible:ring-offset-2 disabled:pointer-events-none disabled:opacity-50 data-[state=active]:bg-white data-[state=active]:text-gray-950 data-[state=active]:shadow-sm\"\u001b[39m\n            \u001b[33mdata-orientation\u001b[39m=\u001b[32m\"horizontal\"\u001b[39m\n            \u001b[33mdata-radix-collection-item\u001b[39m=\u001b[32m\"\"\u001b[39m\n            \u001b[33mdata-state\u001b[39m=\u001b[32m\"inactive\"\u001b[39m\n            \u001b[33mid\u001b[39m=\u001b[32m\"radix-:r6v:-trigger-description\"\u001b[39m\n            \u001b[33mrole\u001b[39m=\u001b[32m\"tab\"\u001b[39m\n            \u001b[33mtabindex\u001b[39m=\u001b[32m\"-1\"\u001b[39m\n            \u001b[33mtype\u001b[39m=\u001b[32m\"button\"\u001b[39m\n          \u001b[36m>\u001b[39m\n            \u001b[0m详细描述\u001b[0m\n          \u001b[36m</button>\u001b[39m\n          \u001b[36m<button\u001b[39m\n            \u001b[33maria-controls\u001b[39m=\u001b[32m\"radix-:r6v:-content-settings\"\u001b[39m\n            \u001b[33maria-selected\u001b[39m=\u001b[32m\"false\"\u001b[39m\n            \u001b[33mclass\u001b[39m=\u001b[32m\"inline-flex items-center justify-center whitespace-nowrap rounded-sm px-3 py-1.5 text-sm font-medium ring-offset-white transition-all focus-visible:outline-none focus-visible:ring-2 focus-visible:ring-[#0F4C3A] focus-visible:ring-offset-2 disabled:pointer-events-none disabled:opacity-50 data-[state=active]:bg-white data-[state=active]:text-gray-950 data-[state=active]:shadow-sm\"\u001b[39m\n            \u001b[33mdata-orientation\u001b[39m=\u001b[32m\"horizontal\"\u001b[39m\n            \u001b[33mdata-radix-collection-item\u001b[39m=\u001b[32m\"\"\u001b[39m\n            \u001b[33mdata-state\u001b[39m=\u001b[32m\"inactive\"\u001b[39m\n            \u001b[33mid\u001b[39m=\u001b[32m\"radix-:r6v:-trigger-settings\"\u001b[39m\n            \u001b[33mrole\u001b[39m=\u001b[32m\"tab\"\u001b[39m\n            \u001b[33mtabindex\u001b[39m=\u001b[32m\"-1\"\u001b[39m\n            \u001b[33mtype\u001b[39m=\u001b[32m\"button\"\u001b[39m\n          \u001b[36m>\u001b[39m\n            \u001b[0m设置\u001b[0m\n          \u001b[36m</button>\u001b[39m\n        \u001b[36m</div>\u001b[39m\n        \u001b[36m<div\u001b[39m\n          \u001b[33maria-labelledby\u001b[39m=\u001b[32m\"radix-:r6v:-trigger-basic\"\u001b[39m\n          \u001b[33mclass\u001b[39m=\u001b[32m\"mt-2 ring-offset-white focus-visible:outline-none focus-visible:ring-2 focus-visible:ring-[#0F4C3A] focus-visible:ring-offset-2 space-y-4\"\u001b[39m\n          \u001b[33mdata-orientation\u001b[39m=\u001b[32m\"horizontal\"\u001b[39m\n          \u001b[33mdata-state\u001b[39m=\u001b[32m\"active\"\u001b[39m\n          \u001b[33mid\u001b[39m=\u001b[32m\"radix-:r6v:-content-basic\"\u001b[39m\n          \u001b[33mrole\u001b[39m=\u001b[32m\"tabpanel\"\u001b[39m\n          \u001b[33mstyle\u001b[39m=\u001b[32m\"animation-duration: 0s;\"\u001b[39m\n          \u001b[33mtabindex\u001b[39m=\u001b[32m\"0\"\u001b[39m\n        \u001b[36m>\u001b[39m\n          \u001b[36m<div\u001b[39m\n            \u001b[33mclass\u001b[39m=\u001b[32m\"space-y-2\"\u001b[39m\n          \u001b[36m>\u001b[39m\n            \u001b[36m<label\u001b[39m\n ..."],"location":{"line":163,"column":27}},{"ancestorTitles":["","RouteEditor - Form Validation Tests (Requirements 8.2)","Character Counter Display"],"fullName":" RouteEditor - Form Validation Tests (Requirements 8.2) Character Counter Display should update character count as user types","status":"failed","title":"should update character count as user types","duration":1026,"failureMessages":["Unable to find an element with the placeholder text of: 简短介绍路线特色...\n\nIgnored nodes: comments, script, style\n\u001b[36m<body\u001b[39m\n  \u001b[33mdata-scroll-locked\u001b[39m=\u001b[32m\"1\"\u001b[39m\n  \u001b[33mstyle\u001b[39m=\u001b[32m\"pointer-events: none;\"\u001b[39m\n\u001b[36m>\u001b[39m\n  \u001b[36m<span\u001b[39m\n    \u001b[33maria-hidden\u001b[39m=\u001b[32m\"true\"\u001b[39m\n    \u001b[33mdata-aria-hidden\u001b[39m=\u001b[32m\"true\"\u001b[39m\n    \u001b[33mdata-radix-focus-guard\u001b[39m=\u001b[32m\"\"\u001b[39m\n    \u001b[33mstyle\u001b[39m=\u001b[32m\"outline: none; opacity: 0; position: fixed; pointer-events: none;\"\u001b[39m\n    \u001b[33mtabindex\u001b[39m=\u001b[32m\"0\"\u001b[39m\n  \u001b[36m/>\u001b[39m\n  \u001b[36m<div\u001b[39m\n    \u001b[33maria-hidden\u001b[39m=\u001b[32m\"true\"\u001b[39m\n    \u001b[33mdata-aria-hidden\u001b[39m=\u001b[32m\"true\"\u001b[39m\n  \u001b[36m/>\u001b[39m\n  \u001b[36m<div\u001b[39m\n    \u001b[33maria-hidden\u001b[39m=\u001b[32m\"true\"\u001b[39m\n    \u001b[33mclass\u001b[39m=\u001b[32m\"fixed inset-0 z-50 bg-black/80 data-[state=open]:animate-in data-[state=closed]:animate-out data-[state=closed]:fade-out-0 data-[state=open]:fade-in-0\"\u001b[39m\n    \u001b[33mdata-aria-hidden\u001b[39m=\u001b[32m\"true\"\u001b[39m\n    \u001b[33mdata-state\u001b[39m=\u001b[32m\"open\"\u001b[39m\n    \u001b[33mstyle\u001b[39m=\u001b[32m\"pointer-events: auto;\"\u001b[39m\n  \u001b[36m/>\u001b[39m\n  \u001b[36m<div\u001b[39m\n    \u001b[33maria-describedby\u001b[39m=\u001b[32m\"radix-:r7k:\"\u001b[39m\n    \u001b[33maria-labelledby\u001b[39m=\u001b[32m\"radix-:r7j:\"\u001b[39m\n    \u001b[33mclass\u001b[39m=\u001b[32m\"fixed left-[50%] top-[50%] z-50 grid w-full translate-x-[-50%] translate-y-[-50%] gap-4 border border-gray-200 bg-white p-6 shadow-lg duration-200 data-[state=open]:animate-in data-[state=closed]:animate-out data-[state=closed]:fade-out-0 data-[state=open]:fade-in-0 data-[state=closed]:zoom-out-95 data-[state=open]:zoom-in-95 data-[state=closed]:slide-out-to-left-1/2 data-[state=closed]:slide-out-to-top-[48%] data-[state=open]:slide-in-from-left-1/2 data-[state=open]:slide-in-from-top-[48%] sm:rounded-lg max-w-4xl max-h-[90vh] overflow-y-auto\"\u001b[39m\n    \u001b[33mdata-state\u001b[39m=\u001b[32m\"open\"\u001b[39m\n    \u001b[33mid\u001b[39m=\u001b[32m\"radix-:r7i:\"\u001b[39m\n    \u001b[33mrole\u001b[39m=\u001b[32m\"dialog\"\u001b[39m\n    \u001b[33mstyle\u001b[39m=\u001b[32m\"pointer-events: auto;\"\u001b[39m\n    \u001b[33mtabindex\u001b[39m=\u001b[32m\"-1\"\u001b[39m\n  \u001b[36m>\u001b[39m\n    \u001b[36m<div\u001b[39m\n      \u001b[33mclass\u001b[39m=\u001b[32m\"flex flex-col space-y-1.5 text-center sm:text-left\"\u001b[39m\n    \u001b[36m>\u001b[39m\n      \u001b[36m<h2\u001b[39m\n        \u001b[33mclass\u001b[39m=\u001b[32m\"text-lg font-semibold leading-none tracking-tight\"\u001b[39m\n        \u001b[33mid\u001b[39m=\u001b[32m\"radix-:r7j:\"\u001b[39m\n      \u001b[36m>\u001b[39m\n        \u001b[0m创建路线\u001b[0m\n      \u001b[36m</h2>\u001b[39m\n      \u001b[36m<p\u001b[39m\n        \u001b[33mclass\u001b[39m=\u001b[32m\"text-sm text-gray-500\"\u001b[39m\n        \u001b[33mid\u001b[39m=\u001b[32m\"radix-:r7k:\"\u001b[39m\n      \u001b[36m>\u001b[39m\n        \u001b[0m填写路线基本信息\u001b[0m\n      \u001b[36m</p>\u001b[39m\n    \u001b[36m</div>\u001b[39m\n    \u001b[36m<form\u001b[39m\n      \u001b[33mclass\u001b[39m=\u001b[32m\"space-y-6\"\u001b[39m\n    \u001b[36m>\u001b[39m\n      \u001b[36m<div\u001b[39m\n        \u001b[33mclass\u001b[39m=\u001b[32m\"w-full\"\u001b[39m\n        \u001b[33mdata-orientation\u001b[39m=\u001b[32m\"horizontal\"\u001b[39m\n        \u001b[33mdir\u001b[39m=\u001b[32m\"ltr\"\u001b[39m\n      \u001b[36m>\u001b[39m\n        \u001b[36m<div\u001b[39m\n          \u001b[33maria-orientation\u001b[39m=\u001b[32m\"horizontal\"\u001b[39m\n          \u001b[33mclass\u001b[39m=\u001b[32m\"h-10 items-center justify-center rounded-md bg-gray-100 p-1 text-gray-500 grid w-full grid-cols-3\"\u001b[39m\n          \u001b[33mdata-orientation\u001b[39m=\u001b[32m\"horizontal\"\u001b[39m\n          \u001b[33mrole\u001b[39m=\u001b[32m\"tablist\"\u001b[39m\n          \u001b[33mstyle\u001b[39m=\u001b[32m\"outline: none;\"\u001b[39m\n          \u001b[33mtabindex\u001b[39m=\u001b[32m\"0\"\u001b[39m\n        \u001b[36m>\u001b[39m\n          \u001b[36m<button\u001b[39m\n            \u001b[33maria-controls\u001b[39m=\u001b[32m\"radix-:r7l:-content-basic\"\u001b[39m\n            \u001b[33maria-selected\u001b[39m=\u001b[32m\"true\"\u001b[39m\n            \u001b[33mclass\u001b[39m=\u001b[32m\"inline-flex items-center justify-center whitespace-nowrap rounded-sm px-3 py-1.5 text-sm font-medium ring-offset-white transition-all focus-visible:outline-none focus-visible:ring-2 focus-visible:ring-[#0F4C3A] focus-visible:ring-offset-2 disabled:pointer-events-none disabled:opacity-50 data-[state=active]:bg-white data-[state=active]:text-gray-950 data-[state=active]:shadow-sm\"\u001b[39m\n            \u001b[33mdata-orientation\u001b[39m=\u001b[32m\"horizontal\"\u001b[39m\n            \u001b[33mdata-radix-collection-item\u001b[39m=\u001b[32m\"\"\u001b[39m\n            \u001b[33mdata-state\u001b[39m=\u001b[32m\"active\"\u001b[39m\n            \u001b[33mid\u001b[39m=\u001b[32m\"radix-:r7l:-trigger-basic\"\u001b[39m\n            \u001b[33mrole\u001b[39m=\u001b[32m\"tab\"\u001b[39m\n            \u001b[33mtabindex\u001b[39m=\u001b[32m\"-1\"\u001b[39m\n            \u001b[33mtype\u001b[39m=\u001b[32m\"button\"\u001b[39m\n          \u001b[36m>\u001b[39m\n            \u001b[0m基本信息\u001b[0m\n          \u001b[36m</button>\u001b[39m\n          \u001b[36m<button\u001b[39m\n            \u001b[33maria-controls\u001b[39m=\u001b[32m\"radix-:r7l:-content-description\"\u001b[39m\n            \u001b[33maria-selected\u001b[39m=\u001b[32m\"false\"\u001b[39m\n            \u001b[33mclass\u001b[39m=\u001b[32m\"inline-flex items-center justify-center whitespace-nowrap rounded-sm px-3 py-1.5 text-sm font-medium ring-offset-white transition-all focus-visible:outline-none focus-visible:ring-2 focus-visible:ring-[#0F4C3A] focus-visible:ring-offset-2 disabled:pointer-events-none disabled:opacity-50 data-[state=active]:bg-white data-[state=active]:text-gray-950 data-[state=active]:shadow-sm\"\u001b[39m\n            \u001b[33mdata-orientation\u001b[39m=\u001b[32m\"horizontal\"\u001b[39m\n            \u001b[33mdata-radix-collection-item\u001b[39m=\u001b[32m\"\"\u001b[39m\n            \u001b[33mdata-state\u001b[39m=\u001b[32m\"inactive\"\u001b[39m\n            \u001b[33mid\u001b[39m=\u001b[32m\"radix-:r7l:-trigger-description\"\u001b[39m\n            \u001b[33mrole\u001b[39m=\u001b[32m\"tab\"\u001b[39m\n            \u001b[33mtabindex\u001b[39m=\u001b[32m\"-1\"\u001b[39m\n            \u001b[33mtype\u001b[39m=\u001b[32m\"button\"\u001b[39m\n          \u001b[36m>\u001b[39m\n            \u001b[0m详细描述\u001b[0m\n          \u001b[36m</button>\u001b[39m\n          \u001b[36m<button\u001b[39m\n            \u001b[33maria-controls\u001b[39m=\u001b[32m\"radix-:r7l:-content-settings\"\u001b[39m\n            \u001b[33maria-selected\u001b[39m=\u001b[32m\"false\"\u001b[39m\n            \u001b[33mclass\u001b[39m=\u001b[32m\"inline-flex items-center justify-center whitespace-nowrap rounded-sm px-3 py-1.5 text-sm font-medium ring-offset-white transition-all focus-visible:outline-none focus-visible:ring-2 focus-visible:ring-[#0F4C3A] focus-visible:ring-offset-2 disabled:pointer-events-none disabled:opacity-50 data-[state=active]:bg-white data-[state=active]:text-gray-950 data-[state=active]:shadow-sm\"\u001b[39m\n            \u001b[33mdata-orientation\u001b[39m=\u001b[32m\"horizontal\"\u001b[39m\n            \u001b[33mdata-radix-collection-item\u001b[39m=\u001b[32m\"\"\u001b[39m\n            \u001b[33mdata-state\u001b[39m=\u001b[32m\"inactive\"\u001b[39m\n            \u001b[33mid\u001b[39m=\u001b[32m\"radix-:r7l:-trigger-settings\"\u001b[39m\n            \u001b[33mrole\u001b[39m=\u001b[32m\"tab\"\u001b[39m\n            \u001b[33mtabindex\u001b[39m=\u001b[32m\"-1\"\u001b[39m\n            \u001b[33mtype\u001b[39m=\u001b[32m\"button\"\u001b[39m\n          \u001b[36m>\u001b[39m\n            \u001b[0m设置\u001b[0m\n          \u001b[36m</button>\u001b[39m\n        \u001b[36m</div>\u001b[39m\n        \u001b[36m<div\u001b[39m\n          \u001b[33maria-labelledby\u001b[39m=\u001b[32m\"radix-:r7l:-trigger-basic\"\u001b[39m\n          \u001b[33mclass\u001b[39m=\u001b[32m\"mt-2 ring-offset-white focus-visible:outline-none focus-visible:ring-2 focus-visible:ring-[#0F4C3A] focus-visible:ring-offset-2 space-y-4\"\u001b[39m\n          \u001b[33mdata-orientation\u001b[39m=\u001b[32m\"horizontal\"\u001b[39m\n          \u001b[33mdata-state\u001b[39m=\u001b[32m\"active\"\u001b[39m\n          \u001b[33mid\u001b[39m=\u001b[32m\"radix-:r7l:-content-basic\"\u001b[39m\n          \u001b[33mrole\u001b[39m=\u001b[32m\"tabpanel\"\u001b[39m\n          \u001b[33mstyle\u001b[39m=\u001b[32m\"animation-duration: 0s;\"\u001b[39m\n          \u001b[33mtabindex\u001b[39m=\u001b[32m\"0\"\u001b[39m\n        \u001b[36m>\u001b[39m\n          \u001b[36m<div\u001b[39m\n            \u001b[33mclass\u001b[39m=\u001b[32m\"space-y-2\"\u001b[39m\n          \u001b[36m>\u001b[39m\n            \u001b[36m<label\u001b[39m\n ...\n\nIgnored nodes: comments, script, style\n\u001b[36m<body\u001b[39m\n  \u001b[33mdata-scroll-locked\u001b[39m=\u001b[32m\"1\"\u001b[39m\n  \u001b[33mstyle\u001b[39m=\u001b[32m\"pointer-events: none;\"\u001b[39m\n\u001b[36m>\u001b[39m\n  \u001b[36m<span\u001b[39m\n    \u001b[33maria-hidden\u001b[39m=\u001b[32m\"true\"\u001b[39m\n    \u001b[33mdata-aria-hidden\u001b[39m=\u001b[32m\"true\"\u001b[39m\n    \u001b[33mdata-radix-focus-guard\u001b[39m=\u001b[32m\"\"\u001b[39m\n    \u001b[33mstyle\u001b[39m=\u001b[32m\"outline: none; opacity: 0; position: fixed; pointer-events: none;\"\u001b[39m\n    \u001b[33mtabindex\u001b[39m=\u001b[32m\"0\"\u001b[39m\n  \u001b[36m/>\u001b[39m\n  \u001b[36m<div\u001b[39m\n    \u001b[33maria-hidden\u001b[39m=\u001b[32m\"true\"\u001b[39m\n    \u001b[33mdata-aria-hidden\u001b[39m=\u001b[32m\"true\"\u001b[39m\n  \u001b[36m/>\u001b[39m\n  \u001b[36m<div\u001b[39m\n    \u001b[33maria-hidden\u001b[39m=\u001b[32m\"true\"\u001b[39m\n    \u001b[33mclass\u001b[39m=\u001b[32m\"fixed inset-0 z-50 bg-black/80 data-[state=open]:animate-in data-[state=closed]:animate-out data-[state=closed]:fade-out-0 data-[state=open]:fade-in-0\"\u001b[39m\n    \u001b[33mdata-aria-hidden\u001b[39m=\u001b[32m\"true\"\u001b[39m\n    \u001b[33mdata-state\u001b[39m=\u001b[32m\"open\"\u001b[39m\n    \u001b[33mstyle\u001b[39m=\u001b[32m\"pointer-events: auto;\"\u001b[39m\n  \u001b[36m/>\u001b[39m\n  \u001b[36m<div\u001b[39m\n    \u001b[33maria-describedby\u001b[39m=\u001b[32m\"radix-:r7k:\"\u001b[39m\n    \u001b[33maria-labelledby\u001b[39m=\u001b[32m\"radix-:r7j:\"\u001b[39m\n    \u001b[33mclass\u001b[39m=\u001b[32m\"fixed left-[50%] top-[50%] z-50 grid w-full translate-x-[-50%] translate-y-[-50%] gap-4 border border-gray-200 bg-white p-6 shadow-lg duration-200 data-[state=open]:animate-in data-[state=closed]:animate-out data-[state=closed]:fade-out-0 data-[state=open]:fade-in-0 data-[state=closed]:zoom-out-95 data-[state=open]:zoom-in-95 data-[state=closed]:slide-out-to-left-1/2 data-[state=closed]:slide-out-to-top-[48%] data-[state=open]:slide-in-from-left-1/2 data-[state=open]:slide-in-from-top-[48%] sm:rounded-lg max-w-4xl max-h-[90vh] overflow-y-auto\"\u001b[39m\n    \u001b[33mdata-state\u001b[39m=\u001b[32m\"open\"\u001b[39m\n    \u001b[33mid\u001b[39m=\u001b[32m\"radix-:r7i:\"\u001b[39m\n    \u001b[33mrole\u001b[39m=\u001b[32m\"dialog\"\u001b[39m\n    \u001b[33mstyle\u001b[39m=\u001b[32m\"pointer-events: auto;\"\u001b[39m\n    \u001b[33mtabindex\u001b[39m=\u001b[32m\"-1\"\u001b[39m\n  \u001b[36m>\u001b[39m\n    \u001b[36m<div\u001b[39m\n      \u001b[33mclass\u001b[39m=\u001b[32m\"flex flex-col space-y-1.5 text-center sm:text-left\"\u001b[39m\n    \u001b[36m>\u001b[39m\n      \u001b[36m<h2\u001b[39m\n        \u001b[33mclass\u001b[39m=\u001b[32m\"text-lg font-semibold leading-none tracking-tight\"\u001b[39m\n        \u001b[33mid\u001b[39m=\u001b[32m\"radix-:r7j:\"\u001b[39m\n      \u001b[36m>\u001b[39m\n        \u001b[0m创建路线\u001b[0m\n      \u001b[36m</h2>\u001b[39m\n      \u001b[36m<p\u001b[39m\n        \u001b[33mclass\u001b[39m=\u001b[32m\"text-sm text-gray-500\"\u001b[39m\n        \u001b[33mid\u001b[39m=\u001b[32m\"radix-:r7k:\"\u001b[39m\n      \u001b[36m>\u001b[39m\n        \u001b[0m填写路线基本信息\u001b[0m\n      \u001b[36m</p>\u001b[39m\n    \u001b[36m</div>\u001b[39m\n    \u001b[36m<form\u001b[39m\n      \u001b[33mclass\u001b[39m=\u001b[32m\"space-y-6\"\u001b[39m\n    \u001b[36m>\u001b[39m\n      \u001b[36m<div\u001b[39m\n        \u001b[33mclass\u001b[39m=\u001b[32m\"w-full\"\u001b[39m\n        \u001b[33mdata-orientation\u001b[39m=\u001b[32m\"horizontal\"\u001b[39m\n        \u001b[33mdir\u001b[39m=\u001b[32m\"ltr\"\u001b[39m\n      \u001b[36m>\u001b[39m\n        \u001b[36m<div\u001b[39m\n          \u001b[33maria-orientation\u001b[39m=\u001b[32m\"horizontal\"\u001b[39m\n          \u001b[33mclass\u001b[39m=\u001b[32m\"h-10 items-center justify-center rounded-md bg-gray-100 p-1 text-gray-500 grid w-full grid-cols-3\"\u001b[39m\n          \u001b[33mdata-orientation\u001b[39m=\u001b[32m\"horizontal\"\u001b[39m\n          \u001b[33mrole\u001b[39m=\u001b[32m\"tablist\"\u001b[39m\n          \u001b[33mstyle\u001b[39m=\u001b[32m\"outline: none;\"\u001b[39m\n          \u001b[33mtabindex\u001b[39m=\u001b[32m\"0\"\u001b[39m\n        \u001b[36m>\u001b[39m\n          \u001b[36m<button\u001b[39m\n            \u001b[33maria-controls\u001b[39m=\u001b[32m\"radix-:r7l:-content-basic\"\u001b[39m\n            \u001b[33maria-selected\u001b[39m=\u001b[32m\"true\"\u001b[39m\n            \u001b[33mclass\u001b[39m=\u001b[32m\"inline-flex items-center justify-center whitespace-nowrap rounded-sm px-3 py-1.5 text-sm font-medium ring-offset-white transition-all focus-visible:outline-none focus-visible:ring-2 focus-visible:ring-[#0F4C3A] focus-visible:ring-offset-2 disabled:pointer-events-none disabled:opacity-50 data-[state=active]:bg-white data-[state=active]:text-gray-950 data-[state=active]:shadow-sm\"\u001b[39m\n            \u001b[33mdata-orientation\u001b[39m=\u001b[32m\"horizontal\"\u001b[39m\n            \u001b[33mdata-radix-collection-item\u001b[39m=\u001b[32m\"\"\u001b[39m\n            \u001b[33mdata-state\u001b[39m=\u001b[32m\"active\"\u001b[39m\n            \u001b[33mid\u001b[39m=\u001b[32m\"radix-:r7l:-trigger-basic\"\u001b[39m\n            \u001b[33mrole\u001b[39m=\u001b[32m\"tab\"\u001b[39m\n            \u001b[33mtabindex\u001b[39m=\u001b[32m\"-1\"\u001b[39m\n            \u001b[33mtype\u001b[39m=\u001b[32m\"button\"\u001b[39m\n          \u001b[36m>\u001b[39m\n            \u001b[0m基本信息\u001b[0m\n          \u001b[36m</button>\u001b[39m\n          \u001b[36m<button\u001b[39m\n            \u001b[33maria-controls\u001b[39m=\u001b[32m\"radix-:r7l:-content-description\"\u001b[39m\n            \u001b[33maria-selected\u001b[39m=\u001b[32m\"false\"\u001b[39m\n            \u001b[33mclass\u001b[39m=\u001b[32m\"inline-flex items-center justify-center whitespace-nowrap rounded-sm px-3 py-1.5 text-sm font-medium ring-offset-white transition-all focus-visible:outline-none focus-visible:ring-2 focus-visible:ring-[#0F4C3A] focus-visible:ring-offset-2 disabled:pointer-events-none disabled:opacity-50 data-[state=active]:bg-white data-[state=active]:text-gray-950 data-[state=active]:shadow-sm\"\u001b[39m\n            \u001b[33mdata-orientation\u001b[39m=\u001b[32m\"horizontal\"\u001b[39m\n            \u001b[33mdata-radix-collection-item\u001b[39m=\u001b[32m\"\"\u001b[39m\n            \u001b[33mdata-state\u001b[39m=\u001b[32m\"inactive\"\u001b[39m\n            \u001b[33mid\u001b[39m=\u001b[32m\"radix-:r7l:-trigger-description\"\u001b[39m\n            \u001b[33mrole\u001b[39m=\u001b[32m\"tab\"\u001b[39m\n            \u001b[33mtabindex\u001b[39m=\u001b[32m\"-1\"\u001b[39m\n            \u001b[33mtype\u001b[39m=\u001b[32m\"button\"\u001b[39m\n          \u001b[36m>\u001b[39m\n            \u001b[0m详细描述\u001b[0m\n          \u001b[36m</button>\u001b[39m\n          \u001b[36m<button\u001b[39m\n            \u001b[33maria-controls\u001b[39m=\u001b[32m\"radix-:r7l:-content-settings\"\u001b[39m\n            \u001b[33maria-selected\u001b[39m=\u001b[32m\"false\"\u001b[39m\n            \u001b[33mclass\u001b[39m=\u001b[32m\"inline-flex items-center justify-center whitespace-nowrap rounded-sm px-3 py-1.5 text-sm font-medium ring-offset-white transition-all focus-visible:outline-none focus-visible:ring-2 focus-visible:ring-[#0F4C3A] focus-visible:ring-offset-2 disabled:pointer-events-none disabled:opacity-50 data-[state=active]:bg-white data-[state=active]:text-gray-950 data-[state=active]:shadow-sm\"\u001b[39m\n            \u001b[33mdata-orientation\u001b[39m=\u001b[32m\"horizontal\"\u001b[39m\n            \u001b[33mdata-radix-collection-item\u001b[39m=\u001b[32m\"\"\u001b[39m\n            \u001b[33mdata-state\u001b[39m=\u001b[32m\"inactive\"\u001b[39m\n            \u001b[33mid\u001b[39m=\u001b[32m\"radix-:r7l:-trigger-settings\"\u001b[39m\n            \u001b[33mrole\u001b[39m=\u001b[32m\"tab\"\u001b[39m\n            \u001b[33mtabindex\u001b[39m=\u001b[32m\"-1\"\u001b[39m\n            \u001b[33mtype\u001b[39m=\u001b[32m\"button\"\u001b[39m\n          \u001b[36m>\u001b[39m\n            \u001b[0m设置\u001b[0m\n          \u001b[36m</button>\u001b[39m\n        \u001b[36m</div>\u001b[39m\n        \u001b[36m<div\u001b[39m\n          \u001b[33maria-labelledby\u001b[39m=\u001b[32m\"radix-:r7l:-trigger-basic\"\u001b[39m\n          \u001b[33mclass\u001b[39m=\u001b[32m\"mt-2 ring-offset-white focus-visible:outline-none focus-visible:ring-2 focus-visible:ring-[#0F4C3A] focus-visible:ring-offset-2 space-y-4\"\u001b[39m\n          \u001b[33mdata-orientation\u001b[39m=\u001b[32m\"horizontal\"\u001b[39m\n          \u001b[33mdata-state\u001b[39m=\u001b[32m\"active\"\u001b[39m\n          \u001b[33mid\u001b[39m=\u001b[32m\"radix-:r7l:-content-basic\"\u001b[39m\n          \u001b[33mrole\u001b[39m=\u001b[32m\"tabpanel\"\u001b[39m\n          \u001b[33mstyle\u001b[39m=\u001b[32m\"animation-duration: 0s;\"\u001b[39m\n          \u001b[33mtabindex\u001b[39m=\u001b[32m\"0\"\u001b[39m\n        \u001b[36m>\u001b[39m\n          \u001b[36m<div\u001b[39m\n            \u001b[33mclass\u001b[39m=\u001b[32m\"space-y-2\"\u001b[39m\n          \u001b[36m>\u001b[39m\n            \u001b[36m<label\u001b[39m\n ..."],"location":{"line":163,"column":27}},{"ancestorTitles":["","RouteEditor - Form Validation Tests (Requirements 8.2)","Form Submission"],"fullName":" RouteEditor - Form Validation Tests (Requirements 8.2) Form Submission should call createRoute API when creating new route with valid data","status":"failed","title":"should call createRoute API when creating new route with valid data","duration":34,"failureMessages":["Unable to find a label with the text of: /时长 \\(分钟\\)/\n\nIgnored nodes: comments, script, style\n\u001b[36m<body\u001b[39m\n  \u001b[33mdata-scroll-locked\u001b[39m=\u001b[32m\"1\"\u001b[39m\n  \u001b[33mstyle\u001b[39m=\u001b[32m\"pointer-events: none;\"\u001b[39m\n\u001b[36m>\u001b[39m\n  \u001b[36m<span\u001b[39m\n    \u001b[33maria-hidden\u001b[39m=\u001b[32m\"true\"\u001b[39m\n    \u001b[33mdata-aria-hidden\u001b[39m=\u001b[32m\"true\"\u001b[39m\n    \u001b[33mdata-radix-focus-guard\u001b[39m=\u001b[32m\"\"\u001b[39m\n    \u001b[33mstyle\u001b[39m=\u001b[32m\"outline: none; opacity: 0; position: fixed; pointer-events: none;\"\u001b[39m\n    \u001b[33mtabindex\u001b[39m=\u001b[32m\"0\"\u001b[39m\n  \u001b[36m/>\u001b[39m\n  \u001b[36m<div\u001b[39m\n    \u001b[33maria-hidden\u001b[39m=\u001b[32m\"true\"\u001b[39m\n    \u001b[33mdata-aria-hidden\u001b[39m=\u001b[32m\"true\"\u001b[39m\n  \u001b[36m/>\u001b[39m\n  \u001b[36m<div\u001b[39m\n    \u001b[33maria-hidden\u001b[39m=\u001b[32m\"true\"\u001b[39m\n    \u001b[33mclass\u001b[39m=\u001b[32m\"fixed inset-0 z-50 bg-black/80 data-[state=open]:animate-in data-[state=closed]:animate-out data-[state=closed]:fade-out-0 data-[state=open]:fade-in-0\"\u001b[39m\n    \u001b[33mdata-aria-hidden\u001b[39m=\u001b[32m\"true\"\u001b[39m\n    \u001b[33mdata-state\u001b[39m=\u001b[32m\"open\"\u001b[39m\n    \u001b[33mstyle\u001b[39m=\u001b[32m\"pointer-events: auto;\"\u001b[39m\n  \u001b[36m/>\u001b[39m\n  \u001b[36m<div\u001b[39m\n    \u001b[33maria-describedby\u001b[39m=\u001b[32m\"radix-:r8a:\"\u001b[39m\n    \u001b[33maria-labelledby\u001b[39m=\u001b[32m\"radix-:r89:\"\u001b[39m\n    \u001b[33mclass\u001b[39m=\u001b[32m\"fixed left-[50%] top-[50%] z-50 grid w-full translate-x-[-50%] translate-y-[-50%] gap-4 border border-gray-200 bg-white p-6 shadow-lg duration-200 data-[state=open]:animate-in data-[state=closed]:animate-out data-[state=closed]:fade-out-0 data-[state=open]:fade-in-0 data-[state=closed]:zoom-out-95 data-[state=open]:zoom-in-95 data-[state=closed]:slide-out-to-left-1/2 data-[state=closed]:slide-out-to-top-[48%] data-[state=open]:slide-in-from-left-1/2 data-[state=open]:slide-in-from-top-[48%] sm:rounded-lg max-w-4xl max-h-[90vh] overflow-y-auto\"\u001b[39m\n    \u001b[33mdata-state\u001b[39m=\u001b[32m\"open\"\u001b[39m\n    \u001b[33mid\u001b[39m=\u001b[32m\"radix-:r88:\"\u001b[39m\n    \u001b[33mrole\u001b[39m=\u001b[32m\"dialog\"\u001b[39m\n    \u001b[33mstyle\u001b[39m=\u001b[32m\"pointer-events: auto;\"\u001b[39m\n    \u001b[33mtabindex\u001b[39m=\u001b[32m\"-1\"\u001b[39m\n  \u001b[36m>\u001b[39m\n    \u001b[36m<div\u001b[39m\n      \u001b[33mclass\u001b[39m=\u001b[32m\"flex flex-col space-y-1.5 text-center sm:text-left\"\u001b[39m\n    \u001b[36m>\u001b[39m\n      \u001b[36m<h2\u001b[39m\n        \u001b[33mclass\u001b[39m=\u001b[32m\"text-lg font-semibold leading-none tracking-tight\"\u001b[39m\n        \u001b[33mid\u001b[39m=\u001b[32m\"radix-:r89:\"\u001b[39m\n      \u001b[36m>\u001b[39m\n        \u001b[0m创建路线\u001b[0m\n      \u001b[36m</h2>\u001b[39m\n      \u001b[36m<p\u001b[39m\n        \u001b[33mclass\u001b[39m=\u001b[32m\"text-sm text-gray-500\"\u001b[39m\n        \u001b[33mid\u001b[39m=\u001b[32m\"radix-:r8a:\"\u001b[39m\n      \u001b[36m>\u001b[39m\n        \u001b[0m填写路线基本信息\u001b[0m\n      \u001b[36m</p>\u001b[39m\n    \u001b[36m</div>\u001b[39m\n    \u001b[36m<form\u001b[39m\n      \u001b[33mclass\u001b[39m=\u001b[32m\"space-y-6\"\u001b[39m\n    \u001b[36m>\u001b[39m\n      \u001b[36m<div\u001b[39m\n        \u001b[33mclass\u001b[39m=\u001b[32m\"w-full\"\u001b[39m\n        \u001b[33mdata-orientation\u001b[39m=\u001b[32m\"horizontal\"\u001b[39m\n        \u001b[33mdir\u001b[39m=\u001b[32m\"ltr\"\u001b[39m\n      \u001b[36m>\u001b[39m\n        \u001b[36m<div\u001b[39m\n          \u001b[33maria-orientation\u001b[39m=\u001b[32m\"horizontal\"\u001b[39m\n          \u001b[33mclass\u001b[39m=\u001b[32m\"h-10 items-center justify-center rounded-md bg-gray-100 p-1 text-gray-500 grid w-full grid-cols-3\"\u001b[39m\n          \u001b[33mdata-orientation\u001b[39m=\u001b[32m\"horizontal\"\u001b[39m\n          \u001b[33mrole\u001b[39m=\u001b[32m\"tablist\"\u001b[39m\n          \u001b[33mstyle\u001b[39m=\u001b[32m\"outline: none;\"\u001b[39m\n          \u001b[33mtabindex\u001b[39m=\u001b[32m\"0\"\u001b[39m\n        \u001b[36m>\u001b[39m\n          \u001b[36m<button\u001b[39m\n            \u001b[33maria-controls\u001b[39m=\u001b[32m\"radix-:r8b:-content-basic\"\u001b[39m\n            \u001b[33maria-selected\u001b[39m=\u001b[32m\"true\"\u001b[39m\n            \u001b[33mclass\u001b[39m=\u001b[32m\"inline-flex items-center justify-center whitespace-nowrap rounded-sm px-3 py-1.5 text-sm font-medium ring-offset-white transition-all focus-visible:outline-none focus-visible:ring-2 focus-visible:ring-[#0F4C3A] focus-visible:ring-offset-2 disabled:pointer-events-none disabled:opacity-50 data-[state=active]:bg-white data-[state=active]:text-gray-950 data-[state=active]:shadow-sm\"\u001b[39m\n            \u001b[33mdata-orientation\u001b[39m=\u001b[32m\"horizontal\"\u001b[39m\n            \u001b[33mdata-radix-collection-item\u001b[39m=\u001b[32m\"\"\u001b[39m\n            \u001b[33mdata-state\u001b[39m=\u001b[32m\"active\"\u001b[39m\n            \u001b[33mid\u001b[39m=\u001b[32m\"radix-:r8b:-trigger-basic\"\u001b[39m\n            \u001b[33mrole\u001b[39m=\u001b[32m\"tab\"\u001b[39m\n            \u001b[33mtabindex\u001b[39m=\u001b[32m\"-1\"\u001b[39m\n            \u001b[33mtype\u001b[39m=\u001b[32m\"button\"\u001b[39m\n          \u001b[36m>\u001b[39m\n            \u001b[0m基本信息\u001b[0m\n          \u001b[36m</button>\u001b[39m\n          \u001b[36m<button\u001b[39m\n            \u001b[33maria-controls\u001b[39m=\u001b[32m\"radix-:r8b:-content-description\"\u001b[39m\n            \u001b[33maria-selected\u001b[39m=\u001b[32m\"false\"\u001b[39m\n            \u001b[33mclass\u001b[39m=\u001b[32m\"inline-flex items-center justify-center whitespace-nowrap rounded-sm px-3 py-1.5 text-sm font-medium ring-offset-white transition-all focus-visible:outline-none focus-visible:ring-2 focus-visible:ring-[#0F4C3A] focus-visible:ring-offset-2 disabled:pointer-events-none disabled:opacity-50 data-[state=active]:bg-white data-[state=active]:text-gray-950 data-[state=active]:shadow-sm\"\u001b[39m\n            \u001b[33mdata-orientation\u001b[39m=\u001b[32m\"horizontal\"\u001b[39m\n            \u001b[33mdata-radix-collection-item\u001b[39m=\u001b[32m\"\"\u001b[39m\n            \u001b[33mdata-state\u001b[39m=\u001b[32m\"inactive\"\u001b[39m\n            \u001b[33mid\u001b[39m=\u001b[32m\"radix-:r8b:-trigger-description\"\u001b[39m\n            \u001b[33mrole\u001b[39m=\u001b[32m\"tab\"\u001b[39m\n            \u001b[33mtabindex\u001b[39m=\u001b[32m\"-1\"\u001b[39m\n            \u001b[33mtype\u001b[39m=\u001b[32m\"button\"\u001b[39m\n          \u001b[36m>\u001b[39m\n            \u001b[0m详细描述\u001b[0m\n          \u001b[36m</button>\u001b[39m\n          \u001b[36m<button\u001b[39m\n            \u001b[33maria-controls\u001b[39m=\u001b[32m\"radix-:r8b:-content-settings\"\u001b[39m\n            \u001b[33maria-selected\u001b[39m=\u001b[32m\"false\"\u001b[39m\n            \u001b[33mclass\u001b[39m=\u001b[32m\"inline-flex items-center justify-center whitespace-nowrap rounded-sm px-3 py-1.5 text-sm font-medium ring-offset-white transition-all focus-visible:outline-none focus-visible:ring-2 focus-visible:ring-[#0F4C3A] focus-visible:ring-offset-2 disabled:pointer-events-none disabled:opacity-50 data-[state=active]:bg-white data-[state=active]:text-gray-950 data-[state=active]:shadow-sm\"\u001b[39m\n            \u001b[33mdata-orientation\u001b[39m=\u001b[32m\"horizontal\"\u001b[39m\n            \u001b[33mdata-radix-collection-item\u001b[39m=\u001b[32m\"\"\u001b[39m\n            \u001b[33mdata-state\u001b[39m=\u001b[32m\"inactive\"\u001b[39m\n            \u001b[33mid\u001b[39m=\u001b[32m\"radix-:r8b:-trigger-settings\"\u001b[39m\n            \u001b[33mrole\u001b[39m=\u001b[32m\"tab\"\u001b[39m\n            \u001b[33mtabindex\u001b[39m=\u001b[32m\"-1\"\u001b[39m\n            \u001b[33mtype\u001b[39m=\u001b[32m\"button\"\u001b[39m\n          \u001b[36m>\u001b[39m\n            \u001b[0m设置\u001b[0m\n          \u001b[36m</button>\u001b[39m\n        \u001b[36m</div>\u001b[39m\n        \u001b[36m<div\u001b[39m\n          \u001b[33maria-labelledby\u001b[39m=\u001b[32m\"radix-:r8b:-trigger-basic\"\u001b[39m\n          \u001b[33mclass\u001b[39m=\u001b[32m\"mt-2 ring-offset-white focus-visible:outline-none focus-visible:ring-2 focus-visible:ring-[#0F4C3A] focus-visible:ring-offset-2 space-y-4\"\u001b[39m\n          \u001b[33mdata-orientation\u001b[39m=\u001b[32m\"horizontal\"\u001b[39m\n          \u001b[33mdata-state\u001b[39m=\u001b[32m\"active\"\u001b[39m\n          \u001b[33mid\u001b[39m=\u001b[32m\"radix-:r8b:-content-basic\"\u001b[39m\n          \u001b[33mrole\u001b[39m=\u001b[32m\"tabpanel\"\u001b[39m\n          \u001b[33mstyle\u001b[39m=\u001b[32m\"animation-duration: 0s;\"\u001b[39m\n          \u001b[33mtabindex\u001b[39m=\u001b[32m\"0\"\u001b[39m\n        \u001b[36m>\u001b[39m\n          \u001b[36m<div\u001b[39m\n            \u001b[33mclass\u001b[39m=\u001b[32m\"space-y-2\"\u001b[39m\n          \u001b[36m>\u001b[39m\n            \u001b[36m<label\u001b[39m\n ..."],"location":{"line":37,"column":19}},{"ancestorTitles":["","RouteEditor - Form Validation Tests (Requirements 8.2)","Form Submission"],"fullName":" RouteEditor - Form Validation Tests (Req
[...]
on\u001b[39m=\u001b[32m\"horizontal\"\u001b[39m\n          \u001b[33mdata-state\u001b[39m=\u001b[32m\"active\"\u001b[39m\n          \u001b[33mid\u001b[39m=\u001b[32m\"radix-:rcf:-content-basic\"\u001b[39m\n          \u001b[33mrole\u001b[39m=\u001b[32m\"tabpanel\"\u001b[39m\n          \u001b[33mstyle\u001b[39m=\u001b[32m\"animation-duration: 0s;\"\u001b[39m\n          \u001b[33mtabindex\u001b[39m=\u001b[32m\"0\"\u001b[39m\n        \u001b[36m>\u001b[39m\n          \u001b[36m<div\u001b[39m\n            \u001b[33mclass\u001b[39m=\u001b[32m\"space-y-2\"\u001b[39m\n          \u001b[36m>\u001b[39m\n            \u001b[36m<label\u001b[39m\n ..."],"location":{"line":163,"column":27}},{"ancestorTitles":["","RouteEditor - Form Validation Tests (Requirements 8.2)","Tab Navigation"],"fullName":" RouteEditor - Form Validation Tests (Requirements 8.2) Tab Navigation should switch to settings tab when clicked","status":"failed","title":"should switch to settings tab when clicked","duration":1030,"failureMessages":["Unable to find an element with the text: 精选路线. This could be because the text is broken up by multiple elements. In this case, you can provide a function for your text matcher to make your matcher more flexible.\n\nIgnored nodes: comments, script, style\n\u001b[36m<body\u001b[39m\n  \u001b[33mdata-scroll-locked\u001b[39m=\u001b[32m\"1\"\u001b[39m\n  \u001b[33mstyle\u001b[39m=\u001b[32m\"pointer-events: none;\"\u001b[39m\n\u001b[36m>\u001b[39m\n  \u001b[36m<span\u001b[39m\n    \u001b[33maria-hidden\u001b[39m=\u001b[32m\"true\"\u001b[39m\n    \u001b[33mdata-aria-hidden\u001b[39m=\u001b[32m\"true\"\u001b[39m\n    \u001b[33mdata-radix-focus-guard\u001b[39m=\u001b[32m\"\"\u001b[39m\n    \u001b[33mstyle\u001b[39m=\u001b[32m\"outline: none; opacity: 0; position: fixed; pointer-events: none;\"\u001b[39m\n    \u001b[33mtabindex\u001b[39m=\u001b[32m\"0\"\u001b[39m\n  \u001b[36m/>\u001b[39m\n  \u001b[36m<div\u001b[39m\n    \u001b[33maria-hidden\u001b[39m=\u001b[32m\"true\"\u001b[39m\n    \u001b[33mdata-aria-hidden\u001b[39m=\u001b[32m\"true\"\u001b[39m\n  \u001b[36m/>\u001b[39m\n  \u001b[36m<div\u001b[39m\n    \u001b[33maria-hidden\u001b[39m=\u001b[32m\"true\"\u001b[39m\n    \u001b[33mclass\u001b[39m=\u001b[32m\"fixed inset-0 z-50 bg-black/80 data-[state=open]:animate-in data-[state=closed]:animate-out data-[state=closed]:fade-out-0 data-[state=open]:fade-in-0\"\u001b[39m\n    \u001b[33mdata-aria-hidden\u001b[39m=\u001b[32m\"true\"\u001b[39m\n    \u001b[33mdata-state\u001b[39m=\u001b[32m\"open\"\u001b[39m\n    \u001b[33mstyle\u001b[39m=\u001b[32m\"pointer-events: auto;\"\u001b[39m\n  \u001b[36m/>\u001b[39m\n  \u001b[36m<div\u001b[39m\n    \u001b[33maria-describedby\u001b[39m=\u001b[32m\"radix-:rd4:\"\u001b[39m\n    \u001b[33maria-labelledby\u001b[39m=\u001b[32m\"radix-:rd3:\"\u001b[39m\n    \u001b[33mclass\u001b[39m=\u001b[32m\"fixed left-[50%] top-[50%] z-50 grid w-full translate-x-[-50%] translate-y-[-50%] gap-4 border border-gray-200 bg-white p-6 shadow-lg duration-200 data-[state=open]:animate-in data-[state=closed]:animate-out data-[state=closed]:fade-out-0 data-[state=open]:fade-in-0 data-[state=closed]:zoom-out-95 data-[state=open]:zoom-in-95 data-[state=closed]:slide-out-to-left-1/2 data-[state=closed]:slide-out-to-top-[48%] data-[state=open]:slide-in-from-left-1/2 data-[state=open]:slide-in-from-top-[48%] sm:rounded-lg max-w-4xl max-h-[90vh] overflow-y-auto\"\u001b[39m\n    \u001b[33mdata-state\u001b[39m=\u001b[32m\"open\"\u001b[39m\n    \u001b[33mid\u001b[39m=\u001b[32m\"radix-:rd2:\"\u001b[39m\n    \u001b[33mrole\u001b[39m=\u001b[32m\"dialog\"\u001b[39m\n    \u001b[33mstyle\u001b[39m=\u001b[32m\"pointer-events: auto;\"\u001b[39m\n    \u001b[33mtabindex\u001b[39m=\u001b[32m\"-1\"\u001b[39m\n  \u001b[36m>\u001b[39m\n    \u001b[36m<div\u001b[39m\n      \u001b[33mclass\u001b[39m=\u001b[32m\"flex flex-col space-y-1.5 text-center sm:text-left\"\u001b[39m\n    \u001b[36m>\u001b[39m\n      \u001b[36m<h2\u001b[39m\n        \u001b[33mclass\u001b[39m=\u001b[32m\"text-lg font-semibold leading-none tracking-tight\"\u001b[39m\n        \u001b[33mid\u001b[39m=\u001b[32m\"radix-:rd3:\"\u001b[39m\n      \u001b[36m>\u001b[39m\n        \u001b[0m创建路线\u001b[0m\n      \u001b[36m</h2>\u001b[39m\n      \u001b[36m<p\u001b[39m\n        \u001b[33mclass\u001b[39m=\u001b[32m\"text-sm text-gray-500\"\u001b[39m\n        \u001b[33mid\u001b[39m=\u001b[32m\"radix-:rd4:\"\u001b[39m\n      \u001b[36m>\u001b[39m\n        \u001b[0m填写路线基本信息\u001b[0m\n      \u001b[36m</p>\u001b[39m\n    \u001b[36m</div>\u001b[39m\n    \u001b[36m<form\u001b[39m\n      \u001b[33mclass\u001b[39m=\u001b[32m\"space-y-6\"\u001b[39m\n    \u001b[36m>\u001b[39m\n      \u001b[36m<div\u001b[39m\n        \u001b[33mclass\u001b[39m=\u001b[32m\"w-full\"\u001b[39m\n        \u001b[33mdata-orientation\u001b[39m=\u001b[32m\"horizontal\"\u001b[39m\n        \u001b[33mdir\u001b[39m=\u001b[32m\"ltr\"\u001b[39m\n      \u001b[36m>\u001b[39m\n        \u001b[36m<div\u001b[39m\n          \u001b[33maria-orientation\u001b[39m=\u001b[32m\"horizontal\"\u001b[39m\n          \u001b[33mclass\u001b[39m=\u001b[32m\"h-10 items-center justify-center rounded-md bg-gray-100 p-1 text-gray-500 grid w-full grid-cols-3\"\u001b[39m\n          \u001b[33mdata-orientation\u001b[39m=\u001b[32m\"horizontal\"\u001b[39m\n          \u001b[33mrole\u001b[39m=\u001b[32m\"tablist\"\u001b[39m\n          \u001b[33mstyle\u001b[39m=\u001b[32m\"outline: none;\"\u001b[39m\n          \u001b[33mtabindex\u001b[39m=\u001b[32m\"0\"\u001b[39m\n        \u001b[36m>\u001b[39m\n          \u001b[36m<button\u001b[39m\n            \u001b[33maria-controls\u001b[39m=\u001b[32m\"radix-:rd5:-content-basic\"\u001b[39m\n            \u001b[33maria-selected\u001b[39m=\u001b[32m\"true\"\u001b[39m\n            \u001b[33mclass\u001b[39m=\u001b[32m\"inline-flex items-center justify-center whitespace-nowrap rounded-sm px-3 py-1.5 text-sm font-medium ring-offset-white transition-all focus-visible:outline-none focus-visible:ring-2 focus-visible:ring-[#0F4C3A] focus-visible:ring-offset-2 disabled:pointer-events-none disabled:opacity-50 data-[state=active]:bg-white data-[state=active]:text-gray-950 data-[state=active]:shadow-sm\"\u001b[39m\n            \u001b[33mdata-orientation\u001b[39m=\u001b[32m\"horizontal\"\u001b[39m\n            \u001b[33mdata-radix-collection-item\u001b[39m=\u001b[32m\"\"\u001b[39m\n            \u001b[33mdata-state\u001b[39m=\u001b[32m\"active\"\u001b[39m\n            \u001b[33mid\u001b[39m=\u001b[32m\"radix-:rd5:-trigger-basic\"\u001b[39m\n            \u001b[33mrole\u001b[39m=\u001b[32m\"tab\"\u001b[39m\n            \u001b[33mtabindex\u001b[39m=\u001b[32m\"-1\"\u001b[39m\n            \u001b[33mtype\u001b[39m=\u001b[32m\"button\"\u001b[39m\n          \u001b[36m>\u001b[39m\n            \u001b[0m基本信息\u001b[0m\n          \u001b[36m</button>\u001b[39m\n          \u001b[36m<button\u001b[39m\n            \u001b[33maria-controls\u001b[39m=\u001b[32m\"radix-:rd5:-content-description\"\u001b[39m\n            \u001b[33maria-selected\u001b[39m=\u001b[32m\"false\"\u001b[39m\n            \u001b[33mclass\u001b[39m=\u001b[32m\"inline-flex items-center justify-center whitespace-nowrap rounded-sm px-3 py-1.5 text-sm font-medium ring-offset-white transition-all focus-visible:outline-none focus-visible:ring-2 focus-visible:ring-[#0F4C3A] focus-visible:ring-offset-2 disabled:pointer-events-none disabled:opacity-50 data-[state=active]:bg-white data-[state=active]:text-gray-950 data-[state=active]:shadow-sm\"\u001b[39m\n            \u001b[33mdata-orientation\u001b[39m=\u001b[32m\"horizontal\"\u001b[39m\n            \u001b[33mdata-radix-collection-item\u001b[39m=\u001b[32m\"\"\u001b[39m\n            \u001b[33mdata-state\u001b[39m=\u001b[32m\"inactive\"\u001b[39m\n            \u001b[33mid\u001b[39m=\u001b[32m\"radix-:rd5:-trigger-description\"\u001b[39m\n            \u001b[33mrole\u001b[39m=\u001b[32m\"tab\"\u001b[39m\n            \u001b[33mtabindex\u001b[39m=\u001b[32m\"-1\"\u001b[39m\n            \u001b[33mtype\u001b[39m=\u001b[32m\"button\"\u001b[39m\n          \u001b[36m>\u001b[39m\n            \u001b[0m详细描述\u001b[0m\n          \u001b[36m</button>\u001b[39m\n          \u001b[36m<button\u001b[39m\n            \u001b[33maria-controls\u001b[39m=\u001b[32m\"radix-:rd5:-content-settings\"\u001b[39m\n            \u001b[33maria-selected\u001b[39m=\u001b[32m\"false\"\u001b[39m\n            \u001b[33mclass\u001b[39m=\u001b[32m\"inline-flex items-center justify-center whitespace-nowrap rounded-sm px-3 py-1.5 text-sm font-medium ring-offset-white transition-all focus-visible:outline-none focus-visible:ring-2 focus-visible:ring-[#0F4C3A] focus-visible:ring-offset-2 disabled:pointer-events-none disabled:opacity-50 data-[state=active]:bg-white data-[state=active]:text-gray-950 data-[state=active]:shadow-sm\"\u001b[39m\n            \u001b[33mdata-orientation\u001b[39m=\u001b[32m\"horizontal\"\u001b[39m\n            \u001b[33mdata-radix-collection-item\u001b[39m=\u001b[32m\"\"\u001b[39m\n            \u001b[33mdata-state\u001b[39m=\u001b[32m\"inactive\"\u001b[39m\n            \u001b[33mid\u001b[39m=\u001b[32m\"radix-:rd5:-trigger-settings\"\u001b[39m\n            \u001b[33mrole\u001b[39m=\u001b[32m\"tab\"\u001b[39m\n            \u001b[33mtabindex\u001b[39m=\u001b[32m\"-1\"\u001b[39m\n            \u001b[33mtype\u001b[39m=\u001b[32m\"button\"\u001b[39m\n          \u001b[36m>\u001b[39m\n            \u001b[0m设置\u001b[0m\n          \u001b[36m</button>\u001b[39m\n        \u001b[36m</div>\u001b[39m\n        \u001b[36m<div\u001b[39m\n          \u001b[33maria-labelledby\u001b[39m=\u001b[32m\"radix-:rd5:-trigger-basic\"\u001b[39m\n          \u001b[33mclass\u001b[39m=\u001b[32m\"mt-2 ring-offset-white focus-visible:outline-none focus-visible:ring-2 focus-visible:ring-[#0F4C3A] focus-visible:ring-offset-2 space-y-4\"\u001b[39m\n          \u001b[33mdata-orientation\u001b[39m=\u001b[32m\"horizontal\"\u001b[39m\n          \u001b[33mdata-state\u001b[39m=\u001b[32m\"active\"\u001b[39m\n          \u001b[33mid\u001b[39m=\u001b[32m\"radix-:rd5:-content-basic\"\u001b[39m\n          \u001b[33mrole\u001b[39m=\u001b[32m\"tabpanel\"\u001b[39m\n          \u001b[33mstyle\u001b[39m=\u001b[32m\"animation-duration: 0s;\"\u001b[39m\n          \u001b[33mtabindex\u001b[39m=\u001b[32m\"0\"\u001b[39m\n        \u001b[36m>\u001b[39m\n          \u001b[36m<div\u001b[39m\n            \u001b[33mclass\u001b[39m=\u001b[32m\"space-y-2\"\u001b[39m\n          \u001b[36m>\u001b[39m\n            \u001b[36m<label\u001b[39m\n ...\n\nIgnored nodes: comments, script, style\n\u001b[36m<body\u001b[39m\n  \u001b[33mdata-scroll-locked\u001b[39m=\u001b[32m\"1\"\u001b[39m\n  \u001b[33mstyle\u001b[39m=\u001b[32m\"pointer-events: none;\"\u001b[39m\n\u001b[36m>\u001b[39m\n  \u001b[36m<span\u001b[39m\n    \u001b[33maria-hidden\u001b[39m=\u001b[32m\"true\"\u001b[39m\n    \u001b[33mdata-aria-hidden\u001b[39m=\u001b[32m\"true\"\u001b[39m\n    \u001b[33mdata-radix-focus-guard\u001b[39m=\u001b[32m\"\"\u001b[39m\n    \u001b[33mstyle\u001b[39m=\u001b[32m\"outline: none; opacity: 0; position: fixed; pointer-events: none;\"\u001b[39m\n    \u001b[33mtabindex\u001b[39m=\u001b[32m\"0\"\u001b[39m\n  \u001b[36m/>\u001b[39m\n  \u001b[36m<div\u001b[39m\n    \u001b[33maria-hidden\u001b[39m=\u001b[32m\"true\"\u001b[39m\n    \u001b[33mdata-aria-hidden\u001b[39m=\u001b[32m\"true\"\u001b[39m\n  \u001b[36m/>\u001b[39m\n  \u001b[36m<div\u001b[39m\n    \u001b[33maria-hidden\u001b[39m=\u001b[32m\"true\"\u001b[39m\n    \u001b[33mclass\u001b[39m=\u001b[32m\"fixed inset-0 z-50 bg-black/80 data-[state=open]:animate-in data-[state=closed]:animate-out data-[state=closed]:fade-out-0 data-[state=open]:fade-in-0\"\u001b[39m\n    \u001b[33mdata-aria-hidden\u001b[39m=\u001b[32m\"true\"\u001b[39m\n    \u001b[33mdata-state\u001b[39m=\u001b[32m\"open\"\u001b[39m\n    \u001b[33mstyle\u001b[39m=\u001b[32m\"pointer-events: auto;\"\u001b[39m\n  \u001b[36m/>\u001b[39m\n  \u001b[36m<div\u001b[39m\n    \u001b[33maria-describedby\u001b[39m=\u001b[32m\"radix-:rd4:\"\u001b[39m\n    \u001b[33maria-labelledby\u001b[39m=\u001b[32m\"radix-:rd3:\"\u001b[39m\n    \u001b[33mclass\u001b[39m=\u001b[32m\"fixed left-[50%] top-[50%] z-50 grid w-full translate-x-[-50%] translate-y-[-50%] gap-4 border border-gray-200 bg-white p-6 shadow-lg duration-200 data-[state=open]:animate-in data-[state=closed]:animate-out data-[state=closed]:fade-out-0 data-[state=open]:fade-in-0 data-[state=closed]:zoom-out-95 data-[state=open]:zoom-in-95 data-[state=closed]:slide-out-to-left-1/2 data-[state=closed]:slide-out-to-top-[48%] data-[state=open]:slide-in-from-left-1/2 data-[state=open]:slide-in-from-top-[48%] sm:rounded-lg max-w-4xl max-h-[90vh] overflow-y-auto\"\u001b[39m\n    \u001b[33mdata-state\u001b[39m=\u001b[32m\"open\"\u001b[39m\n    \u001b[33mid\u001b[39m=\u001b[32m\"radix-:rd2:\"\u001b[39m\n    \u001b[33mrole\u001b[39m=\u001b[32m\"dialog\"\u001b[39m\n    \u001b[33mstyle\u001b[39m=\u001b[32m\"pointer-events: auto;\"\u001b[39m\n    \u001b[33mtabindex\u001b[39m=\u001b[32m\"-1\"\u001b[39m\n  \u001b[36m>\u001b[39m\n    \u001b[36m<div\u001b[39m\n      \u001b[33mclass\u001b[39m=\u001b[32m\"flex flex-col space-y-1.5 text-center sm:text-left\"\u001b[39m\n    \u001b[36m>\u001b[39m\n      \u001b[36m<h2\u001b[39m\n        \u001b[33mclass\u001b[39m=\u001b[32m\"text-lg font-semibold leading-none tracking-tight\"\u001b[39m\n        \u001b[33mid\u001b[39m=\u001b[32m\"radix-:rd3:\"\u001b[39m\n      \u001b[36m>\u001b[39m\n        \u001b[0m创建路线\u001b[0m\n      \u001b[36m</h2>\u001b[39m\n      \u001b[36m<p\u001b[39m\n        \u001b[33mclass\u001b[39m=\u001b[32m\"text-sm text-gray-500\"\u001b[39m\n        \u001b[33mid\u001b[39m=\u001b[32m\"radix-:rd4:\"\u001b[39m\n      \u001b[36m>\u001b[39m\n        \u001b[0m填写路线基本信息\u001b[0m\n      \u001b[36m</p>\u001b[39m\n    \u001b[36m</div>\u001b[39m\n    \u001b[36m<form\u001b[39m\n      \u001b[33mclass\u001b[39m=\u001b[32m\"space-y-6\"\u001b[39m\n    \u001b[36m>\u001b[39m\n      \u001b[36m<div\u001b[39m\n        \u001b[33mclass\u001b[39m=\u001b[32m\"w-full\"\u001b[39m\n        \u001b[33mdata-orientation\u001b[39m=\u001b[32m\"horizontal\"\u001b[39m\n        \u001b[33mdir\u001b[39m=\u001b[32m\"ltr\"\u001b[39m\n      \u001b[36m>\u001b[39m\n        \u001b[36m<div\u001b[39m\n          \u001b[33maria-orientation\u001b[39m=\u001b[32m\"horizontal\"\u001b[39m\n          \u001b[33mclass\u001b[39m=\u001b[32m\"h-10 items-center justify-center rounded-md bg-gray-100 p-1 text-gray-500 grid w-full grid-cols-3\"\u001b[39m\n          \u001b[33mdata-orientation\u001b[39m=\u001b[32m\"horizontal\"\u001b[39m\n          \u001b[33mrole\u001b[39m=\u001b[32m\"tablist\"\u001b[39m\n          \u001b[33mstyle\u001b[39m=\u001b[32m\"outline: none;\"\u001b[39m\n          \u001b[33mtabindex\u001b[39m=\u001b[32m\"0\"\u001b[39m\n        \u001b[36m>\u001b[39m\n          \u001b[36m<button\u001b[39m\n            \u001b[33maria-controls\u001b[39m=\u001b[32m\"radix-:rd5:-content-basic\"\u001b[39m\n            \u001b[33maria-selected\u001b[39m=\u001b[32m\"true\"\u001b[39m\n            \u001b[33mclass\u001b[39m=\u001b[32m\"inline-flex items-center justify-center whitespace-nowrap rounded-sm px-3 py-1.5 text-sm font-medium ring-offset-white transition-all focus-visible:outline-none focus-visible:ring-2 focus-visible:ring-[#0F4C3A] focus-visible:ring-offset-2 disabled:pointer-events-none disabled:opacity-50 data-[state=active]:bg-white data-[state=active]:text-gray-950 data-[state=active]:shadow-sm\"\u001b[39m\n            \u001b[33mdata-orientation\u001b[39m=\u001b[32m\"horizontal\"\u001b[39m\n            \u001b[33mdata-radix-collection-item\u001b[39m=\u001b[32m\"\"\u001b[39m\n            \u001b[33mdata-state\u001b[39m=\u001b[32m\"active\"\u001b[39m\n            \u001b[33mid\u001b[39m=\u001b[32m\"radix-:rd5:-trigger-basic\"\u001b[39m\n            \u001b[33mrole\u001b[39m=\u001b[32m\"tab\"\u001b[39m\n            \u001b[33mtabindex\u001b[39m=\u001b[32m\"-1\"\u001b[39m\n            \u001b[33mtype\u001b[39m=\u001b[32m\"button\"\u001b[39m\n          \u001b[36m>\u001b[39m\n            \u001b[0m基本信息\u001b[0m\n          \u001b[36m</button>\u001b[39m\n          \u001b[36m<button\u001b[39m\n            \u001b[33maria-controls\u001b[39m=\u001b[32m\"radix-:rd5:-content-description\"\u001b[39m\n            \u001b[33maria-selected\u001b[39m=\u001b[32m\"false\"\u001b[39m\n            \u001b[33mclass\u001b[39m=\u001b[32m\"inline-flex items-center justify-center whitespace-nowrap rounded-sm px-3 py-1.5 text-sm font-medium ring-offset-white transition-all focus-visible:outline-none focus-visible:ring-2 focus-visible:ring-[#0F4C3A] focus-visible:ring-offset-2 disabled:pointer-events-none disabled:opacity-50 data-[state=active]:bg-white data-[state=active]:text-gray-950 data-[state=active]:shadow-sm\"\u001b[39m\n            \u001b[33mdata-orientation\u001b[39m=\u001b[32m\"horizontal\"\u001b[39m\n            \u001b[33mdata-radix-collection-item\u001b[39m=\u001b[32m\"\"\u001b[39m\n            \u001b[33mdata-state\u001b[39m=\u001b[32m\"inactive\"\u001b[39m\n            \u001b[33mid\u001b[39m=\u001b[32m\"radix-:rd5:-trigger-description\"\u001b[39m\n            \u001b[33mrole\u001b[39m=\u001b[32m\"tab\"\u001b[39m\n            \u001b[33mtabindex\u001b[39m=\u001b[32m\"-1\"\u001b[39m\n            \u001b[33mtype\u001b[39m=\u001b[32m\"button\"\u001b[39m\n          \u001b[36m>\u001b[39m\n            \u001b[0m详细描述\u001b[0m\n          \u001b[36m</button>\u001b[39m\n          \u001b[36m<button\u001b[39m\n            \u001b[33maria-controls\u001b[39m=\u001b[32m\"radix-:rd5:-content-settings\"\u001b[39m\n            \u001b[33maria-selected\u001b[39m=\u001b[32m\"false\"\u001b[39m\n            \u001b[33mclass\u001b[39m=\u001b[32m\"inline-flex items-center justify-center whitespace-nowrap rounded-sm px-3 py-1.5 text-sm font-medium ring-offset-white transition-all focus-visible:outline-none focus-visible:ring-2 focus-visible:ring-[#0F4C3A] focus-visible:ring-offset-2 disabled:pointer-events-none disabled:opacity-50 data-[state=active]:bg-white data-[state=active]:text-gray-950 data-[state=active]:shadow-sm\"\u001b[39m\n            \u001b[33mdata-orientation\u001b[39m=\u001b[32m\"horizontal\"\u001b[39m\n            \u001b[33mdata-radix-collection-item\u001b[39m=\u001b[32m\"\"\u001b[39m\n            \u001b[33mdata-state\u001b[39m=\u001b[32m\"inactive\"\u001b[39m\n            \u001b[33mid\u001b[39m=\u001b[32m\"radix-:rd5:-trigger-settings\"\u001b[39m\n            \u001b[33mrole\u001b[39m=\u001b[32m\"tab\"\u001b[39m\n            \u001b[33mtabindex\u001b[39m=\u001b[32m\"-1\"\u001b[39m\n            \u001b[33mtype\u001b[39m=\u001b[32m\"button\"\u001b[39m\n          \u001b[36m>\u001b[39m\n            \u001b[0m设置\u001b[0m\n          \u001b[36m</button>\u001b[39m\n        \u001b[36m</div>\u001b[39m\n        \u001b[36m<div\u001b[39m\n          \u001b[33maria-labelledby\u001b[39m=\u001b[32m\"radix-:rd5:-trigger-basic\"\u001b[39m\n          \u001b[33mclass\u001b[39m=\u001b[32m\"mt-2 ring-offset-white focus-visible:outline-none focus-visible:ring-2 focus-visible:ring-[#0F4C3A] focus-visible:ring-offset-2 space-y-4\"\u001b[39m\n          \u001b[33mdata-orientation\u001b[39m=\u001b[32m\"horizontal\"\u001b[39m\n          \u001b[33mdata-state\u001b[39m=\u001b[32m\"active\"\u001b[39m\n          \u001b[33mid\u001b[39m=\u001b[32m\"radix-:rd5:-content-basic\"\u001b[39m\n          \u001b[33mrole\u001b[39m=\u001b[32m\"tabpanel\"\u001b[39m\n          \u001b[33mstyle\u001b[39m=\u001b[32m\"animation-duration: 0s;\"\u001b[39m\n          \u001b[33mtabindex\u001b[39m=\u001b[32m\"0\"\u001b[39m\n        \u001b[36m>\u001b[39m\n          \u001b[36m<div\u001b[39m\n            \u001b[33mclass\u001b[39m=\u001b[32m\"space-y-2\"\u001b[39m\n          \u001b[36m>\u001b[39m\n            \u001b[36m<label\u001b[39m\n ..."],"location":{"line":163,"column":27}}],"startTime":1771995616015,"endTime":1771995621778,"status":"failed","message":"","name":"D:/mrcweb1/frontend/src/components/admin/RouteEditor.test.tsx"}]}